{"C:\\Users\\peggy\\Documents\\GitHub\\TaskManagement_GroupA\\frontend\\src\\components\\IssueForm\\IssueTypeToggle.jsx": {"path":"C:\\Users\\peggy\\Documents\\GitHub\\TaskManagement_GroupA\\frontend\\src\\components\\IssueForm\\IssueTypeToggle.jsx","statementMap":{"0":{"start":{"line":5,"column":21},"end":{"line":10,"column":null}},"1":{"start":{"line":12,"column":2},"end":{"line":46,"column":null}},"2":{"start":{"line":17,"column":8},"end":{"line":19,"column":null}},"3":{"start":{"line":18,"column":10},"end":{"line":18,"column":null}},"4":{"start":{"line":23,"column":8},"end":{"line":44,"column":null}},"5":{"start":{"line":50,"column":0},"end":{"line":53,"column":null}}},"fnMap":{"0":{"name":"IssueTypeToggle","decl":{"start":{"line":4,"column":9},"end":{"line":4,"column":25}},"loc":{"start":{"line":4,"column":57},"end":{"line":48,"column":null}},"line":4},"1":{"name":"(anonymous_1)","decl":{"start":{"line":16,"column":16},"end":{"line":16,"column":17}},"loc":{"start":{"line":16,"column":33},"end":{"line":20,"column":null}},"line":16},"2":{"name":"(anonymous_2)","decl":{"start":{"line":22,"column":22},"end":{"line":22,"column":23}},"loc":{"start":{"line":23,"column":8},"end":{"line":44,"column":null}},"line":23}},"branchMap":{"0":{"loc":{"start":{"line":17,"column":8},"end":{"line":19,"column":null}},"type":"if","locations":[{"start":{"line":17,"column":8},"end":{"line":19,"column":null}},{"start":{},"end":{}}],"line":17}},"s":{"0":10,"1":10,"2":5,"3":4,"4":40,"5":1},"f":{"0":10,"1":5,"2":40},"b":{"0":[4,1]},"meta":{"lastBranch":1,"lastFunction":3,"lastStatement":6,"seen":{"f:4:9:4:25":0,"s:5:21:10:Infinity":0,"s:12:2:46:Infinity":1,"f:16:16:16:17":1,"b:17:8:19:Infinity:undefined:undefined:undefined:undefined":0,"s:17:8:19:Infinity":2,"s:18:10:18:Infinity":3,"f:22:22:22:23":2,"s:23:8:44:Infinity":4,"s:50:0:53:Infinity":5}}}
}
