{"C:\\Users\\peggy\\Documents\\GitHub\\TaskManagement_GroupA\\frontend\\src\\components\\IssueForm\\CreateIssueForm.jsx": {"path":"C:\\Users\\peggy\\Documents\\GitHub\\TaskManagement_GroupA\\frontend\\src\\components\\IssueForm\\CreateIssueForm.jsx","statementMap":{"0":{"start":{"line":20,"column":38},"end":{"line":20,"column":null}},"1":{"start":{"line":21,"column":42},"end":{"line":21,"column":null}},"2":{"start":{"line":22,"column":32},"end":{"line":22,"column":null}},"3":{"start":{"line":25,"column":32},"end":{"line":34,"column":null}},"4":{"start":{"line":37,"column":2},"end":{"line":50,"column":null}},"5":{"start":{"line":38,"column":4},"end":{"line":49,"column":null}},"6":{"start":{"line":39,"column":6},"end":{"line":48,"column":null}},"7":{"start":{"line":52,"column":23},"end":{"line":57,"column":null}},"8":{"start":{"line":52,"column":34},"end":{"line":57,"column":null}},"9":{"start":{"line":53,"column":4},"end":{"line":56,"column":null}},"10":{"start":{"line":53,"column":28},"end":{"line":56,"column":6}},"11":{"start":{"line":59,"column":23},"end":{"line":115,"column":null}},"12":{"start":{"line":60,"column":4},"end":{"line":60,"column":null}},"13":{"start":{"line":61,"column":4},"end":{"line":61,"column":null}},"14":{"start":{"line":62,"column":4},"end":{"line":62,"column":null}},"15":{"start":{"line":63,"column":4},"end":{"line":63,"column":null}},"16":{"start":{"line":66,"column":20},"end":{"line":75,"column":null}},"17":{"start":{"line":77,"column":4},"end":{"line":114,"column":null}},"18":{"start":{"line":78,"column":6},"end":{"line":98,"column":null}},"19":{"start":{"line":79,"column":8},"end":{"line":79,"column":null}},"20":{"start":{"line":80,"column":8},"end":{"line":80,"column":null}},"21":{"start":{"line":82,"column":8},"end":{"line":82,"column":null}},"22":{"start":{"line":83,"column":8},"end":{"line":83,"column":null}},"23":{"start":{"line":86,"column":8},"end":{"line":97,"column":null}},"24":{"start":{"line":87,"column":10},"end":{"line":96,"column":null}},"25":{"start":{"line":101,"column":6},"end":{"line":105,"column":null}},"26":{"start":{"line":102,"column":8},"end":{"line":104,"column":null}},"27":{"start":{"line":103,"column":10},"end":{"line":103,"column":null}},"28":{"start":{"line":107,"column":6},"end":{"line":107,"column":null}},"29":{"start":{"line":108,"column":6},"end":{"line":108,"column":null}},"30":{"start":{"line":110,"column":8},"end":{"line":110,"column":null}},"31":{"start":{"line":111,"column":6},"end":{"line":111,"column":null}},"32":{"start":{"line":113,"column":6},"end":{"line":113,"column":null}},"33":{"start":{"line":117,"column":30},"end":{"line":120,"column":null}},"34":{"start":{"line":118,"column":4},"end":{"line":118,"column":null}},"35":{"start":{"line":119,"column":4},"end":{"line":119,"column":null}},"36":{"start":{"line":122,"column":2},"end":{"line":215,"column":null}},"37":{"start":{"line":196,"column":29},"end":{"line":196,"column":null}},"38":{"start":{"line":219,"column":0},"end":{"line":224,"column":null}}},"fnMap":{"0":{"name":"CreateIssueForm","decl":{"start":{"line":14,"column":9},"end":{"line":14,"column":25}},"loc":{"start":{"line":19,"column":3},"end":{"line":217,"column":null}},"line":19},"1":{"name":"(anonymous_1)","decl":{"start":{"line":37,"column":12},"end":{"line":37,"column":18}},"loc":{"start":{"line":37,"column":18},"end":{"line":50,"column":5}},"line":37},"2":{"name":"(anonymous_2)","decl":{"start":{"line":52,"column":23},"end":{"line":52,"column":24}},"loc":{"start":{"line":52,"column":34},"end":{"line":57,"column":null}},"line":52},"3":{"name":"(anonymous_3)","decl":{"start":{"line":52,"column":34},"end":{"line":52,"column":35}},"loc":{"start":{"line":52,"column":45},"end":{"line":57,"column":null}},"line":52},"4":{"name":"(anonymous_4)","decl":{"start":{"line":53,"column":17},"end":{"line":53,"column":18}},"loc":{"start":{"line":53,"column":28},"end":{"line":56,"column":6}},"line":53},"5":{"name":"(anonymous_5)","decl":{"start":{"line":59,"column":23},"end":{"line":59,"column":30}},"loc":{"start":{"line":59,"column":36},"end":{"line":115,"column":null}},"line":59},"6":{"name":"(anonymous_6)","decl":{"start":{"line":102,"column":19},"end":{"line":102,"column":25}},"loc":{"start":{"line":102,"column":25},"end":{"line":104,"column":11}},"line":102},"7":{"name":"(anonymous_7)","decl":{"start":{"line":117,"column":30},"end":{"line":117,"column":36}},"loc":{"start":{"line":117,"column":36},"end":{"line":120,"column":null}},"line":117},"8":{"name":"(anonymous_8)","decl":{"start":{"line":196,"column":23},"end":{"line":196,"column":29}},"loc":{"start":{"line":196,"column":29},"end":{"line":196,"column":null}},"line":196}},"branchMap":{"0":{"loc":{"start":{"line":15,"column":2},"end":{"line":15,"column":null}},"type":"default-arg","locations":[{"start":{"line":15,"column":9},"end":{"line":15,"column":null}}],"line":15},"1":{"loc":{"start":{"line":16,"column":2},"end":{"line":16,"column":null}},"type":"default-arg","locations":[{"start":{"line":16,"column":12},"end":{"line":16,"column":null}}],"line":16},"2":{"loc":{"start":{"line":17,"column":2},"end":{"line":17,"column":null}},"type":"default-arg","locations":[{"start":{"line":17,"column":16},"end":{"line":17,"column":null}}],"line":17},"3":{"loc":{"start":{"line":38,"column":4},"end":{"line":49,"column":null}},"type":"if","locations":[{"start":{"line":38,"column":4},"end":{"line":49,"column":null}},{"start":{},"end":{}}],"line":38},"4":{"loc":{"start":{"line":40,"column":17},"end":{"line":40,"column":null}},"type":"binary-expr","locations":[{"start":{"line":40,"column":17},"end":{"line":40,"column":40}},{"start":{"line":40,"column":40},"end":{"line":40,"column":null}}],"line":40},"5":{"loc":{"start":{"line":41,"column":14},"end":{"line":41,"column":null}},"type":"binary-expr","locations":[{"start":{"line":41,"column":14},"end":{"line":41,"column":39}},{"start":{"line":41,"column":39},"end":{"line":41,"column":59}},{"start":{"line":41,"column":59},"end":{"line":41,"column":null}}],"line":41},"6":{"loc":{"start":{"line":42,"column":21},"end":{"line":42,"column":null}},"type":"binary-expr","locations":[{"start":{"line":42,"column":21},"end":{"line":42,"column":48}},{"start":{"line":42,"column":48},"end":{"line":42,"column":null}}],"line":42},"7":{"loc":{"start":{"line":43,"column":18},"end":{"line":43,"column":null}},"type":"binary-expr","locations":[{"start":{"line":43,"column":18},"end":{"line":43,"column":42}},{"start":{"line":43,"column":42},"end":{"line":43,"column":null}}],"line":43},"8":{"loc":{"start":{"line":44,"column":19},"end":{"line":44,"column":50}},"type":"binary-expr","locations":[{"start":{"line":44,"column":19},"end":{"line":44,"column":43}},{"start":{"line":44,"column":43},"end":{"line":44,"column":50}}],"line":44},"9":{"loc":{"start":{"line":45,"column":15},"end":{"line":45,"column":null}},"type":"binary-expr","locations":[{"start":{"line":45,"column":15},"end":{"line":45,"column":36}},{"start":{"line":45,"column":36},"end":{"line":45,"column":null}}],"line":45},"10":{"loc":{"start":{"line":46,"column":21},"end":{"line":46,"column":null}},"type":"binary-expr","locations":[{"start":{"line":46,"column":21},"end":{"line":46,"column":48}},{"start":{"line":46,"column":48},"end":{"line":46,"column":null}}],"line":46},"11":{"loc":{"start":{"line":47,"column":17},"end":{"line":47,"column":null}},"type":"cond-expr","locations":[{"start":{"line":47,"column":39},"end":{"line":47,"column":71}},{"start":{"line":47,"column":71},"end":{"line":47,"column":null}}],"line":47},"12":{"loc":{"start":{"line":67,"column":15},"end":{"line":67,"column":null}},"type":"binary-expr","locations":[{"start":{"line":67,"column":15},"end":{"line":67,"column":40}},{"start":{"line":67,"column":40},"end":{"line":67,"column":null}}],"line":67},"13":{"loc":{"start":{"line":70,"column":15},"end":{"line":70,"column":null}},"type":"binary-expr","locations":[{"start":{"line":70,"column":15},"end":{"line":70,"column":51}},{"start":{"line":70,"column":51},"end":{"line":70,"column":null}}],"line":70},"14":{"loc":{"start":{"line":71,"column":18},"end":{"line":71,"column":null}},"type":"binary-expr","locations":[{"start":{"line":71,"column":18},"end":{"line":71,"column":44}},{"start":{"line":71,"column":44},"end":{"line":71,"column":null}}],"line":71},"15":{"loc":{"start":{"line":78,"column":6},"end":{"line":98,"column":null}},"type":"if","locations":[{"start":{"line":78,"column":6},"end":{"line":98,"column":null}},{"start":{"line":81,"column":13},"end":{"line":98,"column":null}}],"line":78},"16":{"loc":{"start":{"line":78,"column":10},"end":{"line":78,"column":38}},"type":"binary-expr","locations":[{"start":{"line":78,"column":10},"end":{"line":78,"column":29}},{"start":{"line":78,"column":29},"end":{"line":78,"column":38}}],"line":78},"17":{"loc":{"start":{"line":86,"column":8},"end":{"line":97,"column":null}},"type":"if","locations":[{"start":{"line":86,"column":8},"end":{"line":97,"column":null}},{"start":{},"end":{}}],"line":86},"18":{"loc":{"start":{"line":101,"column":6},"end":{"line":105,"column":null}},"type":"if","locations":[{"start":{"line":101,"column":6},"end":{"line":105,"column":null}},{"start":{},"end":{}}],"line":101},"19":{"loc":{"start":{"line":110,"column":8},"end":{"line":110,"column":null}},"type":"binary-expr","locations":[{"start":{"line":110,"column":8},"end":{"line":110,"column":37}},{"start":{"line":110,"column":37},"end":{"line":110,"column":52}},{"start":{"line":110,"column":52},"end":{"line":110,"column":null}}],"line":110},"20":{"loc":{"start":{"line":124,"column":11},"end":{"line":124,"column":63}},"type":"cond-expr","locations":[{"start":{"line":124,"column":29},"end":{"line":124,"column":44}},{"start":{"line":124,"column":44},"end":{"line":124,"column":63}}],"line":124},"21":{"loc":{"start":{"line":179,"column":16},"end":{"line":179,"column":null}},"type":"binary-expr","locations":[{"start":{"line":179,"column":16},"end":{"line":179,"column":41}},{"start":{"line":179,"column":41},"end":{"line":179,"column":null}}],"line":179},"22":{"loc":{"start":{"line":184,"column":22},"end":{"line":184,"column":null}},"type":"cond-expr","locations":[{"start":{"line":184,"column":37},"end":{"line":184,"column":47}},{"start":{"line":184,"column":47},"end":{"line":184,"column":null}}],"line":184},"23":{"loc":{"start":{"line":187,"column":13},"end":{"line":187,"column":null}},"type":"binary-expr","locations":[{"start":{"line":187,"column":13},"end":{"line":187,"column":29}},{"start":{"line":187,"column":29},"end":{"line":187,"column":null}}],"line":187},"24":{"loc":{"start":{"line":192,"column":11},"end":{"line":200,"column":null}},"type":"binary-expr","locations":[{"start":{"line":192,"column":11},"end":{"line":192,"column":null}},{"start":{"line":193,"column":12},"end":{"line":200,"column":null}}],"line":192},"25":{"loc":{"start":{"line":205,"column":22},"end":{"line":205,"column":null}},"type":"binary-expr","locations":[{"start":{"line":205,"column":22},"end":{"line":205,"column":42}},{"start":{"line":205,"column":42},"end":{"line":205,"column":null}}],"line":205},"26":{"loc":{"start":{"line":207,"column":13},"end":{"line":211,"column":null}},"type":"cond-expr","locations":[{"start":{"line":208,"column":16},"end":{"line":208,"column":null}},{"start":{"line":209,"column":16},"end":{"line":211,"column":null}}],"line":207},"27":{"loc":{"start":{"line":209,"column":16},"end":{"line":211,"column":null}},"type":"cond-expr","locations":[{"start":{"line":210,"column":18},"end":{"line":210,"column":null}},{"start":{"line":211,"column":18},"end":{"line":211,"column":null}}],"line":209}},"s":{"0":12,"1":12,"2":12,"3":12,"4":12,"5":2,"6":0,"7":12,"8":96,"9":10,"10":10,"11":12,"12":0,"13":0,"14":0,"15":0,"16":0,"17":0,"18":0,"19":0,"20":0,"21":0,"22":0,"23":0,"24":0,"25":0,"26":0,"27":0,"28":0,"29":0,"30":0,"31":0,"32":0,"33":12,"34":0,"35":0,"36":12,"37":0,"38":1},"f":{"0":12,"1":2,"2":96,"3":10,"4":10,"5":0,"6":0,"7":0,"8":0},"b":{"0":[12],"1":[12],"2":[12],"3":[0,2],"4":[0,0],"5":[0,0,0],"6":[0,0],"7":[0,0],"8":[0,0],"9":[0,0],"10":[0,0],"11":[0,0],"12":[0,0],"13":[0,0],"14":[0,0],"15":[0,0],"16":[0,0],"17":[0,0],"18":[0,0],"19":[0,0,0],"20":[0,12],"21":[12,12],"22":[0,12],"23":[12,12],"24":[12,12],"25":[12,10],"26":[0,12],"27":[0,12]},"meta":{"lastBranch":28,"lastFunction":9,"lastStatement":39,"seen":{"f:14:9:14:25":0,"b:15:9:15:Infinity":0,"b:16:12:16:Infinity":1,"b:17:16:17:Infinity":2,"s:20:38:20:Infinity":0,"s:21:42:21:Infinity":1,"s:22:32:22:Infinity":2,"s:25:32:34:Infinity":3,"s:37:2:50:Infinity":4,"f:37:12:37:18":1,"b:38:4:49:Infinity:undefined:undefined:undefined:undefined":3,"s:38:4:49:Infinity":5,"s:39:6:48:Infinity":6,"b:40:17:40:40:40:40:40:Infinity":4,"b:41:14:41:39:41:39:41:59:41:59:41:Infinity":5,"b:42:21:42:48:42:48:42:Infinity":6,"b:43:18:43:42:43:42:43:Infinity":7,"b:44:19:44:43:44:43:44:50":8,"b:45:15:45:36:45:36:45:Infinity":9,"b:46:21:46:48:46:48:46:Infinity":10,"b:47:39:47:71:47:71:47:Infinity":11,"s:52:23:57:Infinity":7,"f:52:23:52:24":2,"s:52:34:57:Infinity":8,"f:52:34:52:35":3,"s:53:4:56:Infinity":9,"f:53:17:53:18":4,"s:53:28:56:6":10,"s:59:23:115:Infinity":11,"f:59:23:59:30":5,"s:60:4:60:Infinity":12,"s:61:4:61:Infinity":13,"s:62:4:62:Infinity":14,"s:63:4:63:Infinity":15,"s:66:20:75:Infinity":16,"b:67:15:67:40:67:40:67:Infinity":12,"b:70:15:70:51:70:51:70:Infinity":13,"b:71:18:71:44:71:44:71:Infinity":14,"s:77:4:114:Infinity":17,"b:78:6:98:Infinity:81:13:98:Infinity":15,"s:78:6:98:Infinity":18,"b:78:10:78:29:78:29:78:38":16,"s:79:8:79:Infinity":19,"s:80:8:80:Infinity":20,"s:82:8:82:Infinity":21,"s:83:8:83:Infinity":22,"b:86:8:97:Infinity:undefined:undefined:undefined:undefined":17,"s:86:8:97:Infinity":23,"s:87:10:96:Infinity":24,"b:101:6:105:Infinity:undefined:undefined:undefined:undefined":18,"s:101:6:105:Infinity":25,"s:102:8:104:Infinity":26,"f:102:19:102:25":6,"s:103:10:103:Infinity":27,"s:107:6:107:Infinity":28,"s:108:6:108:Infinity":29,"s:110:8:110:Infinity":30,"b:110:8:110:37:110:37:110:52:110:52:110:Infinity":19,"s:111:6:111:Infinity":31,"s:113:6:113:Infinity":32,"s:117:30:120:Infinity":33,"f:117:30:117:36":7,"s:118:4:118:Infinity":34,"s:119:4:119:Infinity":35,"s:122:2:215:Infinity":36,"b:124:29:124:44:124:44:124:63":20,"b:179:16:179:41:179:41:179:Infinity":21,"b:184:37:184:47:184:47:184:Infinity":22,"b:187:13:187:29:187:29:187:Infinity":23,"b:192:11:192:Infinity:193:12:200:Infinity":24,"f:196:23:196:29":8,"s:196:29:196:Infinity":37,"b:205:22:205:42:205:42:205:Infinity":25,"b:208:16:208:Infinity:209:16:211:Infinity":26,"b:210:18:210:Infinity:211:18:211:Infinity":27,"s:219:0:224:Infinity":38}}}
}
