{"C:\\Users\\peggy\\Documents\\GitHub\\TaskManagement_GroupA\\backend\\src\\testApp.js": {"path":"C:\\Users\\peggy\\Documents\\GitHub\\TaskManagement_GroupA\\backend\\src\\testApp.js","statementMap":{"0":{"start":{"line":7,"column":11},"end":{"line":7,"column":21}},"1":{"start":{"line":9,"column":0},"end":{"line":9,"column":70}},"2":{"start":{"line":10,"column":0},"end":{"line":10,"column":24}},"3":{"start":{"line":13,"column":0},"end":{"line":35,"column":3}},"4":{"start":{"line":14,"column":2},"end":{"line":14,"column":63}},"5":{"start":{"line":17,"column":2},"end":{"line":23,"column":4}},"6":{"start":{"line":26,"column":2},"end":{"line":32,"column":4}},"7":{"start":{"line":34,"column":2},"end":{"line":34,"column":9}},"8":{"start":{"line":38,"column":0},"end":{"line":38,"column":37}},"9":{"start":{"line":39,"column":0},"end":{"line":39,"column":40}},"10":{"start":{"line":40,"column":0},"end":{"line":40,"column":36}},"11":{"start":{"line":42,"column":0},"end":{"line":45,"column":3}},"12":{"start":{"line":43,"column":2},"end":{"line":43,"column":27}},"13":{"start":{"line":44,"column":2},"end":{"line":44,"column":47}}},"fnMap":{"0":{"name":"(anonymous_0)","decl":{"start":{"line":13,"column":8},"end":{"line":13,"column":9}},"loc":{"start":{"line":13,"column":28},"end":{"line":35,"column":1}},"line":13},"1":{"name":"(anonymous_1)","decl":{"start":{"line":42,"column":8},"end":{"line":42,"column":9}},"loc":{"start":{"line":42,"column":35},"end":{"line":45,"column":1}},"line":42}},"branchMap":{},"s":{"0":1,"1":1,"2":1,"3":1,"4":0,"5":0,"6":0,"7":0,"8":1,"9":1,"10":1,"11":1,"12":0,"13":0},"f":{"0":0,"1":0},"b":{},"meta":{"lastBranch":0,"lastFunction":2,"lastStatement":14,"seen":{"s:7:11:7:21":0,"s:9:0:9:70":1,"s:10:0:10:24":2,"s:13:0:35:3":3,"f:13:8:13:9":0,"s:14:2:14:63":4,"s:17:2:23:4":5,"s:26:2:32:4":6,"s:34:2:34:9":7,"s:38:0:38:37":8,"s:39:0:39:40":9,"s:40:0:40:36":10,"s:42:0:45:3":11,"f:42:8:42:9":1,"s:43:2:43:27":12,"s:44:2:44:47":13}}}
,"C:\\Users\\peggy\\Documents\\GitHub\\TaskManagement_GroupA\\backend\\src\\config\\db.js": {"path":"C:\\Users\\peggy\\Documents\\GitHub\\TaskManagement_GroupA\\backend\\src\\config\\db.js","statementMap":{"0":{"start":{"line":2,"column":20},"end":{"line":2,"column":44}},"1":{"start":{"line":4,"column":18},"end":{"line":7,"column":2}}},"fnMap":{},"branchMap":{},"s":{"0":1,"1":1},"f":{},"b":{},"meta":{"lastBranch":0,"lastFunction":0,"lastStatement":2,"seen":{"s:2:20:2:44":0,"s:4:18:7:2":1}}}
,"C:\\Users\\peggy\\Documents\\GitHub\\TaskManagement_GroupA\\backend\\src\\controllers\\issuesController.js": {"path":"C:\\Users\\peggy\\Documents\\GitHub\\TaskManagement_GroupA\\backend\\src\\controllers\\issuesController.js","statementMap":{"0":{"start":{"line":4,"column":27},"end":{"line":56,"column":1}},"1":{"start":{"line":5,"column":2},"end":{"line":55,"column":3}},"2":{"start":{"line":16,"column":8},"end":{"line":16,"column":16}},"3":{"start":{"line":19,"column":4},"end":{"line":24,"column":5}},"4":{"start":{"line":20,"column":6},"end":{"line":23,"column":9}},"5":{"start":{"line":26,"column":18},"end":{"line":35,"column":6}},"6":{"start":{"line":37,"column":4},"end":{"line":43,"column":5}},"7":{"start":{"line":42,"column":6},"end":{"line":42,"column":44}},"8":{"start":{"line":45,"column":4},"end":{"line":48,"column":7}},"9":{"start":{"line":50,"column":4},"end":{"line":50,"column":49}},"10":{"start":{"line":51,"column":4},"end":{"line":54,"column":7}},"11":{"start":{"line":58,"column":28},"end":{"line":83,"column":1}},"12":{"start":{"line":59,"column":2},"end":{"line":82,"column":3}},"13":{"start":{"line":60,"column":19},"end":{"line":60,"column":29}},"14":{"start":{"line":61,"column":18},"end":{"line":69,"column":6}},"15":{"start":{"line":70,"column":4},"end":{"line":75,"column":5}},"16":{"start":{"line":71,"column":6},"end":{"line":74,"column":9}},"17":{"start":{"line":76,"column":4},"end":{"line":79,"column":7}},"18":{"start":{"line":81,"column":4},"end":{"line":81,"column":51}},"19":{"start":{"line":85,"column":27},"end":{"line":145,"column":1}},"20":{"start":{"line":86,"column":2},"end":{"line":144,"column":3}},"21":{"start":{"line":87,"column":19},"end":{"line":87,"column":29}},"22":{"start":{"line":89,"column":18},"end":{"line":89,"column":42}},"23":{"start":{"line":91,"column":4},"end":{"line":96,"column":5}},"24":{"start":{"line":92,"column":6},"end":{"line":95,"column":9}},"25":{"start":{"line":98,"column":26},"end":{"line":107,"column":5}},"26":{"start":{"line":109,"column":20},"end":{"line":109,"column":22}},"27":{"start":{"line":110,"column":4},"end":{"line":114,"column":7}},"28":{"start":{"line":111,"column":6},"end":{"line":113,"column":7}},"29":{"start":{"line":112,"column":8},"end":{"line":112,"column":41}},"30":{"start":{"line":116,"column":4},"end":{"line":116,"column":32}},"31":{"start":{"line":118,"column":4},"end":{"line":122,"column":5}},"32":{"start":{"line":119,"column":6},"end":{"line":121,"column":7}},"33":{"start":{"line":120,"column":8},"end":{"line":120,"column":55}},"34":{"start":{"line":124,"column":25},"end":{"line":132,"column":6}},"35":{"start":{"line":134,"column":4},"end":{"line":137,"column":7}},"36":{"start":{"line":139,"column":4},"end":{"line":139,"column":50}},"37":{"start":{"line":140,"column":4},"end":{"line":143,"column":7}},"38":{"start":{"line":147,"column":27},"end":{"line":171,"column":1}},"39":{"start":{"line":148,"column":2},"end":{"line":170,"column":3}},"40":{"start":{"line":149,"column":19},"end":{"line":149,"column":29}},"41":{"start":{"line":150,"column":18},"end":{"line":150,"column":42}},"42":{"start":{"line":152,"column":4},"end":{"line":157,"column":5}},"43":{"start":{"line":153,"column":6},"end":{"line":156,"column":9}},"44":{"start":{"line":159,"column":4},"end":{"line":159,"column":26}},"45":{"start":{"line":161,"column":4},"end":{"line":164,"column":7}},"46":{"start":{"line":166,"column":4},"end":{"line":169,"column":7}},"47":{"start":{"line":173,"column":28},"end":{"line":212,"column":1}},"48":{"start":{"line":174,"column":2},"end":{"line":211,"column":3}},"49":{"start":{"line":175,"column":59},"end":{"line":175,"column":68}},"50":{"start":{"line":176,"column":20},"end":{"line":176,"column":63}},"51":{"start":{"line":178,"column":18},"end":{"line":178,"column":20}},"52":{"start":{"line":180,"column":4},"end":{"line":180,"column":41}},"53":{"start":{"line":180,"column":17},"end":{"line":180,"column":41}},"54":{"start":{"line":181,"column":4},"end":{"line":181,"column":32}},"55":{"start":{"line":181,"column":14},"end":{"line":181,"column":32}},"56":{"start":{"line":182,"column":4},"end":{"line":182,"column":50}},"57":{"start":{"line":182,"column":20},"end":{"line":182,"column":50}},"58":{"start":{"line":183,"column":4},"end":{"line":183,"column":44}},"59":{"start":{"line":183,"column":18},"end":{"line":183,"column":44}},"60":{"start":{"line":184,"column":4},"end":{"line":184,"column":38}},"61":{"start":{"line":184,"column":16},"end":{"line":184,"column":38}},"62":{"start":{"line":185,"column":4},"end":{"line":190,"column":5}},"63":{"start":{"line":186,"column":6},"end":{"line":189,"column":8}},"64":{"start":{"line":192,"column":20},"end":{"line":192,"column":22}},"65":{"start":{"line":194,"column":4},"end":{"line":198,"column":7}},"66":{"start":{"line":200,"column":19},"end":{"line":200,"column":58}},"67":{"start":{"line":202,"column":4},"end":{"line":205,"column":7}},"68":{"start":{"line":207,"column":4},"end":{"line":210,"column":7}}},"fnMap":{"0":{"name":"(anonymous_0)","decl":{"start":{"line":4,"column":27},"end":{"line":4,"column":32}},"loc":{"start":{"line":4,"column":47},"end":{"line":56,"column":1}},"line":4},"1":{"name":"(anonymous_1)","decl":{"start":{"line":58,"column":28},"end":{"line":58,"column":33}},"loc":{"start":{"line":58,"column":48},"end":{"line":83,"column":1}},"line":58},"2":{"name":"(anonymous_2)","decl":{"start":{"line":85,"column":27},"end":{"line":85,"column":32}},"loc":{"start":{"line":85,"column":47},"end":{"line":145,"column":1}},"line":85},"3":{"name":"(anonymous_3)","decl":{"start":{"line":110,"column":26},"end":{"line":110,"column":27}},"loc":{"start":{"line":110,"column":37},"end":{"line":114,"column":5}},"line":110},"4":{"name":"(anonymous_4)","decl":{"start":{"line":147,"column":27},"end":{"line":147,"column":32}},"loc":{"start":{"line":147,"column":47},"end":{"line":171,"column":1}},"line":147},"5":{"name":"(anonymous_5)","decl":{"start":{"line":173,"column":28},"end":{"line":173,"column":33}},"loc":{"start":{"line":173,"column":48},"end":{"line":212,"column":1}},"line":173}},"branchMap":{"0":{"loc":{"start":{"line":19,"column":4},"end":{"line":24,"column":5}},"type":"if","locations":[{"start":{"line":19,"column":4},"end":{"line":24,"column":5}},{"start":{},"end":{}}],"line":19},"1":{"loc":{"start":{"line":37,"column":4},"end":{"line":43,"column":5}},"type":"if","locations":[{"start":{"line":37,"column":4},"end":{"line":43,"column":5}},{"start":{},"end":{}}],"line":37},"2":{"loc":{"start":{"line":38,"column":6},"end":{"line":40,"column":24}},"type":"binary-expr","locations":[{"start":{"line":38,"column":6},"end":{"line":38,"column":32}},{"start":{"line":39,"column":6},"end":{"line":39,"column":28}},{"start":{"line":40,"column":6},"end":{"line":40,"column":24}}],"line":38},"3":{"loc":{"start":{"line":70,"column":4},"end":{"line":75,"column":5}},"type":"if","locations":[{"start":{"line":70,"column":4},"end":{"line":75,"column":5}},{"start":{},"end":{}}],"line":70},"4":{"loc":{"start":{"line":91,"column":4},"end":{"line":96,"column":5}},"type":"if","locations":[{"start":{"line":91,"column":4},"end":{"line":96,"column":5}},{"start":{},"end":{}}],"line":91},"5":{"loc":{"start":{"line":111,"column":6},"end":{"line":113,"column":7}},"type":"if","locations":[{"start":{"line":111,"column":6},"end":{"line":113,"column":7}},{"start":{},"end":{}}],"line":111},"6":{"loc":{"start":{"line":118,"column":4},"end":{"line":122,"column":5}},"type":"if","locations":[{"start":{"line":118,"column":4},"end":{"line":122,"column":5}},{"start":{},"end":{}}],"line":118},"7":{"loc":{"start":{"line":118,"column":8},"end":{"line":118,"column":67}},"type":"binary-expr","locations":[{"start":{"line":118,"column":8},"end":{"line":118,"column":28}},{"start":{"line":118,"column":32},"end":{"line":118,"column":67}}],"line":118},"8":{"loc":{"start":{"line":119,"column":6},"end":{"line":121,"column":7}},"type":"if","locations":[{"start":{"line":119,"column":6},"end":{"line":121,"column":7}},{"start":{},"end":{}}],"line":119},"9":{"loc":{"start":{"line":152,"column":4},"end":{"line":157,"column":5}},"type":"if","locations":[{"start":{"line":152,"column":4},"end":{"line":157,"column":5}},{"start":{},"end":{}}],"line":152},"10":{"loc":{"start":{"line":176,"column":20},"end":{"line":176,"column":63}},"type":"binary-expr","locations":[{"start":{"line":176,"column":20},"end":{"line":176,"column":38}},{"start":{"line":176,"column":42},"end":{"line":176,"column":55}},{"start":{"line":176,"column":59},"end":{"line":176,"column":63}}],"line":176},"11":{"loc":{"start":{"line":180,"column":4},"end":{"line":180,"column":41}},"type":"if","locations":[{"start":{"line":180,"column":4},"end":{"line":180,"column":41}},{"start":{},"end":{}}],"line":180},"12":{"loc":{"start":{"line":181,"column":4},"end":{"line":181,"column":32}},"type":"if","locations":[{"start":{"line":181,"column":4},"end":{"line":181,"column":32}},{"start":{},"end":{}}],"line":181},"13":{"loc":{"start":{"line":182,"column":4},"end":{"line":182,"column":50}},"type":"if","locations":[{"start":{"line":182,"column":4},"end":{"line":182,"column":50}},{"start":{},"end":{}}],"line":182},"14":{"loc":{"start":{"line":183,"column":4},"end":{"line":183,"column":44}},"type":"if","locations":[{"start":{"line":183,"column":4},"end":{"line":183,"column":44}},{"start":{},"end":{}}],"line":183},"15":{"loc":{"start":{"line":184,"column":4},"end":{"line":184,"column":38}},"type":"if","locations":[{"start":{"line":184,"column":4},"end":{"line":184,"column":38}},{"start":{},"end":{}}],"line":184},"16":{"loc":{"start":{"line":185,"column":4},"end":{"line":190,"column":5}},"type":"if","locations":[{"start":{"line":185,"column":4},"end":{"line":190,"column":5}},{"start":{},"end":{}}],"line":185}},"s":{"0":1,"1":0,"2":0,"3":0,"4":0,"5":0,"6":0,"7":0,"8":0,"9":0,"10":0,"11":1,"12":0,"13":0,"14":0,"15":0,"16":0,"17":0,"18":0,"19":1,"20":0,"21":0,"22":0,"23":0,"24":0,"25":0,"26":0,"27":0,"28":0,"29":0,"30":0,"31":0,"32":0,"33":0,"34":0,"35":0,"36":0,"37":0,"38":1,"39":0,"40":0,"41":0,"42":0,"43":0,"44":0,"45":0,"46":0,"47":1,"48":0,"49":0,"50":0,"51":0,"52":0,"53":0,"54":0,"55":0,"56":0,"57":0,"58":0,"59":0,"60":0,"61":0,"62":0,"63":0,"64":0,"65":0,"66":0,"67":0,"68":0},"f":{"0":0,"1":0,"2":0,"3":0,"4":0,"5":0},"b":{"0":[0,0],"1":[0,0],"2":[0,0,0],"3":[0,0],"4":[0,0],"5":[0,0],"6":[0,0],"7":[0,0],"8":[0,0],"9":[0,0],"10":[0,0,0],"11":[0,0],"12":[0,0],"13":[0,0],"14":[0,0],"15":[0,0],"16":[0,0]},"meta":{"lastBranch":17,"lastFunction":6,"lastStatement":69,"seen":{"s:4:27:56:1":0,"f:4:27:4:32":0,"s:5:2:55:3":1,"s:16:8:16:16":2,"b:19:4:24:5:undefined:undefined:undefined:undefined":0,"s:19:4:24:5":3,"s:20:6:23:9":4,"s:26:18:35:6":5,"b:37:4:43:5:undefined:undefined:undefined:undefined":1,"s:37:4:43:5":6,"b:38:6:38:32:39:6:39:28:40:6:40:24":2,"s:42:6:42:44":7,"s:45:4:48:7":8,"s:50:4:50:49":9,"s:51:4:54:7":10,"s:58:28:83:1":11,"f:58:28:58:33":1,"s:59:2:82:3":12,"s:60:19:60:29":13,"s:61:18:69:6":14,"b:70:4:75:5:undefined:undefined:undefined:undefined":3,"s:70:4:75:5":15,"s:71:6:74:9":16,"s:76:4:79:7":17,"s:81:4:81:51":18,"s:85:27:145:1":19,"f:85:27:85:32":2,"s:86:2:144:3":20,"s:87:19:87:29":21,"s:89:18:89:42":22,"b:91:4:96:5:undefined:undefined:undefined:undefined":4,"s:91:4:96:5":23,"s:92:6:95:9":24,"s:98:26:107:5":25,"s:109:20:109:22":26,"s:110:4:114:7":27,"f:110:26:110:27":3,"b:111:6:113:7:undefined:undefined:undefined:undefined":5,"s:111:6:113:7":28,"s:112:8:112:41":29,"s:116:4:116:32":30,"b:118:4:122:5:undefined:undefined:undefined:undefined":6,"s:118:4:122:5":31,"b:118:8:118:28:118:32:118:67":7,"b:119:6:121:7:undefined:undefined:undefined:undefined":8,"s:119:6:121:7":32,"s:120:8:120:55":33,"s:124:25:132:6":34,"s:134:4:137:7":35,"s:139:4:139:50":36,"s:140:4:143:7":37,"s:147:27:171:1":38,"f:147:27:147:32":4,"s:148:2:170:3":39,"s:149:19:149:29":40,"s:150:18:150:42":41,"b:152:4:157:5:undefined:undefined:undefined:undefined":9,"s:152:4:157:5":42,"s:153:6:156:9":43,"s:159:4:159:26":44,"s:161:4:164:7":45,"s:166:4:169:7":46,"s:173:28:212:1":47,"f:173:28:173:33":5,"s:174:2:211:3":48,"s:175:59:175:68":49,"s:176:20:176:63":50,"b:176:20:176:38:176:42:176:55:176:59:176:63":10,"s:178:18:178:20":51,"b:180:4:180:41:undefined:undefined:undefined:undefined":11,"s:180:4:180:41":52,"s:180:17:180:41":53,"b:181:4:181:32:undefined:undefined:undefined:undefined":12,"s:181:4:181:32":54,"s:181:14:181:32":55,"b:182:4:182:50:undefined:undefined:undefined:undefined":13,"s:182:4:182:50":56,"s:182:20:182:50":57,"b:183:4:183:44:undefined:undefined:undefined:undefined":14,"s:183:4:183:44":58,"s:183:18:183:44":59,"b:184:4:184:38:undefined:undefined:undefined:undefined":15,"s:184:4:184:38":60,"s:184:16:184:38":61,"b:185:4:190:5:undefined:undefined:undefined:undefined":16,"s:185:4:190:5":62,"s:186:6:189:8":63,"s:192:20:192:22":64,"s:194:4:198:7":65,"s:200:19:200:58":66,"s:202:4:205:7":67,"s:207:4:210:7":68}}}
,"C:\\Users\\peggy\\Documents\\GitHub\\TaskManagement_GroupA\\backend\\src\\controllers\\projectController.js": {"path":"C:\\Users\\peggy\\Documents\\GitHub\\TaskManagement_GroupA\\backend\\src\\controllers\\projectController.js","statementMap":{"0":{"start":{"line":10,"column":29},"end":{"line":70,"column":1}},"1":{"start":{"line":11,"column":2},"end":{"line":69,"column":3}},"2":{"start":{"line":12,"column":4},"end":{"line":14,"column":5}},"3":{"start":{"line":13,"column":6},"end":{"line":13,"column":73}},"4":{"start":{"line":16,"column":57},"end":{"line":16,"column":65}},"5":{"start":{"line":18,"column":4},"end":{"line":20,"column":5}},"6":{"start":{"line":19,"column":6},"end":{"line":19,"column":74}},"7":{"start":{"line":21,"column":4},"end":{"line":23,"column":5}},"8":{"start":{"line":22,"column":6},"end":{"line":22,"column":73}},"9":{"start":{"line":25,"column":26},"end":{"line":25,"column":50}},"10":{"start":{"line":28,"column":4},"end":{"line":33,"column":5}},"11":{"start":{"line":29,"column":6},"end":{"line":32,"column":9}},"12":{"start":{"line":37,"column":21},"end":{"line":39,"column":6}},"13":{"start":{"line":40,"column":4},"end":{"line":44,"column":5}},"14":{"start":{"line":41,"column":6},"end":{"line":43,"column":9}},"15":{"start":{"line":46,"column":20},"end":{"line":53,"column":6}},"16":{"start":{"line":55,"column":20},"end":{"line":64,"column":6}},"17":{"start":{"line":66,"column":4},"end":{"line":66,"column":34}},"18":{"start":{"line":68,"column":4},"end":{"line":68,"column":14}},"19":{"start":{"line":73,"column":27},"end":{"line":113,"column":1}},"20":{"start":{"line":74,"column":2},"end":{"line":112,"column":3}},"21":{"start":{"line":75,"column":17},"end":{"line":75,"column":59}},"22":{"start":{"line":76,"column":18},"end":{"line":76,"column":62}},"23":{"start":{"line":77,"column":19},"end":{"line":77,"column":37}},"24":{"start":{"line":79,"column":18},"end":{"line":79,"column":20}},"25":{"start":{"line":80,"column":4},"end":{"line":82,"column":5}},"26":{"start":{"line":81,"column":6},"end":{"line":81,"column":41}},"27":{"start":{"line":83,"column":4},"end":{"line":85,"column":5}},"28":{"start":{"line":84,"column":6},"end":{"line":84,"column":42}},"29":{"start":{"line":86,"column":4},"end":{"line":88,"column":5}},"30":{"start":{"line":87,"column":6},"end":{"line":87,"column":38}},"31":{"start":{"line":90,"column":28},"end":{"line":102,"column":6}},"32":{"start":{"line":104,"column":4},"end":{"line":109,"column":7}},"33":{"start":{"line":111,"column":4},"end":{"line":111,"column":14}},"34":{"start":{"line":116,"column":30},"end":{"line":144,"column":1}},"35":{"start":{"line":117,"column":2},"end":{"line":143,"column":3}},"36":{"start":{"line":118,"column":4},"end":{"line":119,"column":72}},"37":{"start":{"line":119,"column":6},"end":{"line":119,"column":72}},"38":{"start":{"line":121,"column":18},"end":{"line":121,"column":39}},"39":{"start":{"line":122,"column":4},"end":{"line":124,"column":5}},"40":{"start":{"line":123,"column":6},"end":{"line":123,"column":42}},"41":{"start":{"line":125,"column":20},"end":{"line":134,"column":6}},"42":{"start":{"line":136,"column":4},"end":{"line":138,"column":5}},"43":{"start":{"line":137,"column":6},"end":{"line":137,"column":66}},"44":{"start":{"line":140,"column":4},"end":{"line":140,"column":22}},"45":{"start":{"line":142,"column":4},"end":{"line":142,"column":14}},"46":{"start":{"line":147,"column":32},"end":{"line":161,"column":1}},"47":{"start":{"line":148,"column":2},"end":{"line":160,"column":3}},"48":{"start":{"line":149,"column":18},"end":{"line":149,"column":39}},"49":{"start":{"line":150,"column":4},"end":{"line":150,"column":64}},"50":{"start":{"line":150,"column":28},"end":{"line":150,"column":64}},"51":{"start":{"line":151,"column":20},"end":{"line":153,"column":6}},"52":{"start":{"line":154,"column":4},"end":{"line":154,"column":78}},"53":{"start":{"line":154,"column":18},"end":{"line":154,"column":78}},"54":{"start":{"line":156,"column":19},"end":{"line":156,"column":79}},"55":{"start":{"line":157,"column":4},"end":{"line":157,"column":21}},"56":{"start":{"line":159,"column":4},"end":{"line":159,"column":14}},"57":{"start":{"line":164,"column":29},"end":{"line":216,"column":1}},"58":{"start":{"line":165,"column":2},"end":{"line":215,"column":3}},"59":{"start":{"line":166,"column":18},"end":{"line":166,"column":39}},"60":{"start":{"line":167,"column":4},"end":{"line":167,"column":64}},"61":{"start":{"line":167,"column":28},"end":{"line":167,"column":64}},"62":{"start":{"line":168,"column":20},"end":{"line":170,"column":6}},"63":{"start":{"line":172,"column":4},"end":{"line":174,"column":5}},"64":{"start":{"line":173,"column":6},"end":{"line":173,"column":66}},"65":{"start":{"line":176,"column":57},"end":{"line":176,"column":65}},"66":{"start":{"line":178,"column":4},"end":{"line":193,"column":5}},"67":{"start":{"line":179,"column":28},"end":{"line":179,"column":52}},"68":{"start":{"line":180,"column":6},"end":{"line":185,"column":7}},"69":{"start":{"line":181,"column":8},"end":{"line":184,"column":11}},"70":{"start":{"line":186,"column":23},"end":{"line":186,"column":79}},"71":{"start":{"line":187,"column":6},"end":{"line":191,"column":7}},"72":{"start":{"line":188,"column":8},"end":{"line":190,"column":80}},"73":{"start":{"line":192,"column":6},"end":{"line":192,"column":35}},"74":{"start":{"line":195,"column":4},"end":{"line":201,"column":7}},"75":{"start":{"line":202,"column":4},"end":{"line":210,"column":7}},"76":{"start":{"line":212,"column":4},"end":{"line":212,"column":22}},"77":{"start":{"line":214,"column":4},"end":{"line":214,"column":14}}},"fnMap":{"0":{"name":"(anonymous_0)","decl":{"start":{"line":10,"column":29},"end":{"line":10,"column":34}},"loc":{"start":{"line":10,"column":55},"end":{"line":70,"column":1}},"line":10},"1":{"name":"(anonymous_1)","decl":{"start":{"line":73,"column":27},"end":{"line":73,"column":32}},"loc":{"start":{"line":73,"column":53},"end":{"line":113,"column":1}},"line":73},"2":{"name":"(anonymous_2)","decl":{"start":{"line":116,"column":30},"end":{"line":116,"column":35}},"loc":{"start":{"line":116,"column":56},"end":{"line":144,"column":1}},"line":116},"3":{"name":"(anonymous_3)","decl":{"start":{"line":147,"column":32},"end":{"line":147,"column":37}},"loc":{"start":{"line":147,"column":58},"end":{"line":161,"column":1}},"line":147},"4":{"name":"(anonymous_4)","decl":{"start":{"line":164,"column":29},"end":{"line":164,"column":34}},"loc":{"start":{"line":164,"column":55},"end":{"line":216,"column":1}},"line":164}},"branchMap":{"0":{"loc":{"start":{"line":12,"column":4},"end":{"line":14,"column":5}},"type":"if","locations":[{"start":{"line":12,"column":4},"end":{"line":14,"column":5}},{"start":{},"end":{}}],"line":12},"1":{"loc":{"start":{"line":18,"column":4},"end":{"line":20,"column":5}},"type":"if","locations":[{"start":{"line":18,"column":4},"end":{"line":20,"column":5}},{"start":{},"end":{}}],"line":18},"2":{"loc":{"start":{"line":21,"column":4},"end":{"line":23,"column":5}},"type":"if","locations":[{"start":{"line":21,"column":4},"end":{"line":23,"column":5}},{"start":{},"end":{}}],"line":21},"3":{"loc":{"start":{"line":28,"column":4},"end":{"line":33,"column":5}},"type":"if","locations":[{"start":{"line":28,"column":4},"end":{"line":33,"column":5}},{"start":{},"end":{}}],"line":28},"4":{"loc":{"start":{"line":40,"column":4},"end":{"line":44,"column":5}},"type":"if","locations":[{"start":{"line":40,"column":4},"end":{"line":44,"column":5}},{"start":{},"end":{}}],"line":40},"5":{"loc":{"start":{"line":50,"column":16},"end":{"line":50,"column":32}},"type":"binary-expr","locations":[{"start":{"line":50,"column":16},"end":{"line":50,"column":24}},{"start":{"line":50,"column":28},"end":{"line":50,"column":32}}],"line":50},"6":{"loc":{"start":{"line":51,"column":14},"end":{"line":51,"column":32}},"type":"binary-expr","locations":[{"start":{"line":51,"column":14},"end":{"line":51,"column":20}},{"start":{"line":51,"column":24},"end":{"line":51,"column":32}}],"line":51},"7":{"loc":{"start":{"line":75,"column":29},"end":{"line":75,"column":58}},"type":"binary-expr","locations":[{"start":{"line":75,"column":29},"end":{"line":75,"column":53}},{"start":{"line":75,"column":57},"end":{"line":75,"column":58}}],"line":75},"8":{"loc":{"start":{"line":76,"column":30},"end":{"line":76,"column":61}},"type":"binary-expr","locations":[{"start":{"line":76,"column":30},"end":{"line":76,"column":55}},{"start":{"line":76,"column":59},"end":{"line":76,"column":61}}],"line":76},"9":{"loc":{"start":{"line":80,"column":4},"end":{"line":82,"column":5}},"type":"if","locations":[{"start":{"line":80,"column":4},"end":{"line":82,"column":5}},{"start":{},"end":{}}],"line":80},"10":{"loc":{"start":{"line":83,"column":4},"end":{"line":85,"column":5}},"type":"if","locations":[{"start":{"line":83,"column":4},"end":{"line":85,"column":5}},{"start":{},"end":{}}],"line":83},"11":{"loc":{"start":{"line":86,"column":4},"end":{"line":88,"column":5}},"type":"if","locations":[{"start":{"line":86,"column":4},"end":{"line":88,"column":5}},{"start":{},"end":{}}],"line":86},"12":{"loc":{"start":{"line":118,"column":4},"end":{"line":119,"column":72}},"type":"if","locations":[{"start":{"line":118,"column":4},"end":{"line":119,"column":72}},{"start":{},"end":{}}],"line":118},"13":{"loc":{"start":{"line":122,"column":4},"end":{"line":124,"column":5}},"type":"if","locations":[{"start":{"line":122,"column":4},"end":{"line":124,"column":5}},{"start":{},"end":{}}],"line":122},"14":{"loc":{"start":{"line":136,"column":4},"end":{"line":138,"column":5}},"type":"if","locations":[{"start":{"line":136,"column":4},"end":{"line":138,"column":5}},{"start":{},"end":{}}],"line":136},"15":{"loc":{"start":{"line":150,"column":4},"end":{"line":150,"column":64}},"type":"if","locations":[{"start":{"line":150,"column":4},"end":{"line":150,"column":64}},{"start":{},"end":{}}],"line":150},"16":{"loc":{"start":{"line":154,"column":4},"end":{"line":154,"column":78}},"type":"if","locations":[{"start":{"line":154,"column":4},"end":{"line":154,"column":78}},{"start":{},"end":{}}],"line":154},"17":{"loc":{"start":{"line":167,"column":4},"end":{"line":167,"column":64}},"type":"if","locations":[{"start":{"line":167,"column":4},"end":{"line":167,"column":64}},{"start":{},"end":{}}],"line":167},"18":{"loc":{"start":{"line":172,"column":4},"end":{"line":174,"column":5}},"type":"if","locations":[{"start":{"line":172,"column":4},"end":{"line":174,"column":5}},{"start":{},"end":{}}],"line":172},"19":{"loc":{"start":{"line":178,"column":4},"end":{"line":193,"column":5}},"type":"if","locations":[{"start":{"line":178,"column":4},"end":{"line":193,"column":5}},{"start":{},"end":{}}],"line":178},"20":{"loc":{"start":{"line":180,"column":6},"end":{"line":185,"column":7}},"type":"if","locations":[{"start":{"line":180,"column":6},"end":{"line":185,"column":7}},{"start":{},"end":{}}],"line":180},"21":{"loc":{"start":{"line":187,"column":6},"end":{"line":191,"column":7}},"type":"if","locations":[{"start":{"line":187,"column":6},"end":{"line":191,"column":7}},{"start":{},"end":{}}],"line":187},"22":{"loc":{"start":{"line":187,"column":10},"end":{"line":187,"column":48}},"type":"binary-expr","locations":[{"start":{"line":187,"column":10},"end":{"line":187,"column":18}},{"start":{"line":187,"column":22},"end":{"line":187,"column":48}}],"line":187}},"s":{"0":1,"1":0,"2":0,"3":0,"4":0,"5":0,"6":0,"7":0,"8":0,"9":0,"10":0,"11":0,"12":0,"13":0,"14":0,"15":0,"16":0,"17":0,"18":0,"19":1,"20":0,"21":0,"22":0,"23":0,"24":0,"25":0,"26":0,"27":0,"28":0,"29":0,"30":0,"31":0,"32":0,"33":0,"34":1,"35":0,"36":0,"37":0,"38":0,"39":0,"40":0,"41":0,"42":0,"43":0,"44":0,"45":0,"46":1,"47":0,"48":0,"49":0,"50":0,"51":0,"52":0,"53":0,"54":0,"55":0,"56":0,"57":1,"58":0,"59":0,"60":0,"61":0,"62":0,"63":0,"64":0,"65":0,"66":0,"67":0,"68":0,"69":0,"70":0,"71":0,"72":0,"73":0,"74":0,"75":0,"76":0,"77":0},"f":{"0":0,"1":0,"2":0,"3":0,"4":0},"b":{"0":[0,0],"1":[0,0],"2":[0,0],"3":[0,0],"4":[0,0],"5":[0,0],"6":[0,0],"7":[0,0],"8":[0,0],"9":[0,0],"10":[0,0],"11":[0,0],"12":[0,0],"13":[0,0],"14":[0,0],"15":[0,0],"16":[0,0],"17":[0,0],"18":[0,0],"19":[0,0],"20":[0,0],"21":[0,0],"22":[0,0]},"meta":{"lastBranch":23,"lastFunction":5,"lastStatement":78,"seen":{"s:10:29:70:1":0,"f:10:29:10:34":0,"s:11:2:69:3":1,"b:12:4:14:5:undefined:undefined:undefined:undefined":0,"s:12:4:14:5":2,"s:13:6:13:73":3,"s:16:57:16:65":4,"b:18:4:20:5:undefined:undefined:undefined:undefined":1,"s:18:4:20:5":5,"s:19:6:19:74":6,"b:21:4:23:5:undefined:undefined:undefined:undefined":2,"s:21:4:23:5":7,"s:22:6:22:73":8,"s:25:26:25:50":9,"b:28:4:33:5:undefined:undefined:undefined:undefined":3,"s:28:4:33:5":10,"s:29:6:32:9":11,"s:37:21:39:6":12,"b:40:4:44:5:undefined:undefined:undefined:undefined":4,"s:40:4:44:5":13,"s:41:6:43:9":14,"s:46:20:53:6":15,"b:50:16:50:24:50:28:50:32":5,"b:51:14:51:20:51:24:51:32":6,"s:55:20:64:6":16,"s:66:4:66:34":17,"s:68:4:68:14":18,"s:73:27:113:1":19,"f:73:27:73:32":1,"s:74:2:112:3":20,"s:75:17:75:59":21,"b:75:29:75:53:75:57:75:58":7,"s:76:18:76:62":22,"b:76:30:76:55:76:59:76:61":8,"s:77:19:77:37":23,"s:79:18:79:20":24,"b:80:4:82:5:undefined:undefined:undefined:undefined":9,"s:80:4:82:5":25,"s:81:6:81:41":26,"b:83:4:85:5:undefined:undefined:undefined:undefined":10,"s:83:4:85:5":27,"s:84:6:84:42":28,"b:86:4:88:5:undefined:undefined:undefined:undefined":11,"s:86:4:88:5":29,"s:87:6:87:38":30,"s:90:28:102:6":31,"s:104:4:109:7":32,"s:111:4:111:14":33,"s:116:30:144:1":34,"f:116:30:116:35":2,"s:117:2:143:3":35,"b:118:4:119:72:undefined:undefined:undefined:undefined":12,"s:118:4:119:72":36,"s:119:6:119:72":37,"s:121:18:121:39":38,"b:122:4:124:5:undefined:undefined:undefined:undefined":13,"s:122:4:124:5":39,"s:123:6:123:42":40,"s:125:20:134:6":41,"b:136:4:138:5:undefined:undefined:undefined:undefined":14,"s:136:4:138:5":42,"s:137:6:137:66":43,"s:140:4:140:22":44,"s:142:4:142:14":45,"s:147:32:161:1":46,"f:147:32:147:37":3,"s:148:2:160:3":47,"s:149:18:149:39":48,"b:150:4:150:64:undefined:undefined:undefined:undefined":15,"s:150:4:150:64":49,"s:150:28:150:64":50,"s:151:20:153:6":51,"b:154:4:154:78:undefined:undefined:undefined:undefined":16,"s:154:4:154:78":52,"s:154:18:154:78":53,"s:156:19:156:79":54,"s:157:4:157:21":55,"s:159:4:159:14":56,"s:164:29:216:1":57,"f:164:29:164:34":4,"s:165:2:215:3":58,"s:166:18:166:39":59,"b:167:4:167:64:undefined:undefined:undefined:undefined":17,"s:167:4:167:64":60,"s:167:28:167:64":61,"s:168:20:170:6":62,"b:172:4:174:5:undefined:undefined:undefined:undefined":18,"s:172:4:174:5":63,"s:173:6:173:66":64,"s:176:57:176:65":65,"b:178:4:193:5:undefined:undefined:undefined:undefined":19,"s:178:4:193:5":66,"s:179:28:179:52":67,"b:180:6:185:7:undefined:undefined:undefined:undefined":20,"s:180:6:185:7":68,"s:181:8:184:11":69,"s:186:23:186:79":70,"b:187:6:191:7:undefined:undefined:undefined:undefined":21,"s:187:6:191:7":71,"b:187:10:187:18:187:22:187:48":22,"s:188:8:190:80":72,"s:192:6:192:35":73,"s:195:4:201:7":74,"s:202:4:210:7":75,"s:212:4:212:22":76,"s:214:4:214:14":77}}}
,"C:\\Users\\peggy\\Documents\\GitHub\\TaskManagement_GroupA\\backend\\src\\middleware\\permissions.js": {"path":"C:\\Users\\peggy\\Documents\\GitHub\\TaskManagement_GroupA\\backend\\src\\middleware\\permissions.js","statementMap":{"0":{"start":{"line":9,"column":30},"end":{"line":27,"column":1}},"1":{"start":{"line":11,"column":15},"end":{"line":11,"column":25}},"2":{"start":{"line":13,"column":2},"end":{"line":17,"column":3}},"3":{"start":{"line":14,"column":4},"end":{"line":16,"column":65}},"4":{"start":{"line":19,"column":2},"end":{"line":22,"column":3}},"5":{"start":{"line":21,"column":4},"end":{"line":21,"column":18}},"6":{"start":{"line":24,"column":2},"end":{"line":26,"column":5}},"7":{"start":{"line":34,"column":32},"end":{"line":88,"column":1}},"8":{"start":{"line":35,"column":2},"end":{"line":87,"column":3}},"9":{"start":{"line":36,"column":17},"end":{"line":36,"column":27}},"10":{"start":{"line":37,"column":4},"end":{"line":41,"column":5}},"11":{"start":{"line":38,"column":6},"end":{"line":40,"column":67}},"12":{"start":{"line":44,"column":4},"end":{"line":46,"column":5}},"13":{"start":{"line":45,"column":6},"end":{"line":45,"column":20}},"14":{"start":{"line":49,"column":4},"end":{"line":58,"column":5}},"15":{"start":{"line":51,"column":6},"end":{"line":53,"column":7}},"16":{"start":{"line":52,"column":8},"end":{"line":52,"column":22}},"17":{"start":{"line":55,"column":6},"end":{"line":57,"column":9}},"18":{"start":{"line":61,"column":18},"end":{"line":63,"column":6}},"19":{"start":{"line":65,"column":4},"end":{"line":69,"column":5}},"20":{"start":{"line":66,"column":6},"end":{"line":68,"column":61}},"21":{"start":{"line":71,"column":23},"end":{"line":71,"column":51}},"22":{"start":{"line":72,"column":23},"end":{"line":72,"column":68}},"23":{"start":{"line":72,"column":51},"end":{"line":72,"column":67}},"24":{"start":{"line":74,"column":4},"end":{"line":77,"column":5}},"25":{"start":{"line":76,"column":6},"end":{"line":76,"column":20}},"26":{"start":{"line":79,"column":4},"end":{"line":81,"column":7}},"27":{"start":{"line":83,"column":4},"end":{"line":83,"column":52}},"28":{"start":{"line":84,"column":4},"end":{"line":86,"column":68}},"29":{"start":{"line":95,"column":32},"end":{"line":126,"column":1}},"30":{"start":{"line":96,"column":2},"end":{"line":125,"column":3}},"31":{"start":{"line":97,"column":18},"end":{"line":97,"column":53}},"32":{"start":{"line":98,"column":4},"end":{"line":102,"column":5}},"33":{"start":{"line":99,"column":6},"end":{"line":101,"column":61}},"34":{"start":{"line":104,"column":17},"end":{"line":104,"column":27}},"35":{"start":{"line":105,"column":4},"end":{"line":109,"column":5}},"36":{"start":{"line":106,"column":6},"end":{"line":108,"column":67}},"37":{"start":{"line":111,"column":4},"end":{"line":114,"column":5}},"38":{"start":{"line":113,"column":6},"end":{"line":113,"column":20}},"39":{"start":{"line":116,"column":4},"end":{"line":119,"column":7}},"40":{"start":{"line":121,"column":4},"end":{"line":121,"column":52}},"41":{"start":{"line":122,"column":4},"end":{"line":124,"column":68}}},"fnMap":{"0":{"name":"(anonymous_0)","decl":{"start":{"line":9,"column":30},"end":{"line":9,"column":35}},"loc":{"start":{"line":9,"column":56},"end":{"line":27,"column":1}},"line":9},"1":{"name":"(anonymous_1)","decl":{"start":{"line":34,"column":32},"end":{"line":34,"column":37}},"loc":{"start":{"line":34,"column":58},"end":{"line":88,"column":1}},"line":34},"2":{"name":"(anonymous_2)","decl":{"start":{"line":72,"column":44},"end":{"line":72,"column":45}},"loc":{"start":{"line":72,"column":51},"end":{"line":72,"column":67}},"line":72},"3":{"name":"(anonymous_3)","decl":{"start":{"line":95,"column":32},"end":{"line":95,"column":37}},"loc":{"start":{"line":95,"column":58},"end":{"line":126,"column":1}},"line":95}},"branchMap":{"0":{"loc":{"start":{"line":13,"column":2},"end":{"line":17,"column":3}},"type":"if","locations":[{"start":{"line":13,"column":2},"end":{"line":17,"column":3}},{"start":{},"end":{}}],"line":13},"1":{"loc":{"start":{"line":19,"column":2},"end":{"line":22,"column":3}},"type":"if","locations":[{"start":{"line":19,"column":2},"end":{"line":22,"column":3}},{"start":{},"end":{}}],"line":19},"2":{"loc":{"start":{"line":19,"column":6},"end":{"line":19,"column":56}},"type":"binary-expr","locations":[{"start":{"line":19,"column":6},"end":{"line":19,"column":27}},{"start":{"line":19,"column":31},"end":{"line":19,"column":56}}],"line":19},"3":{"loc":{"start":{"line":37,"column":4},"end":{"line":41,"column":5}},"type":"if","locations":[{"start":{"line":37,"column":4},"end":{"line":41,"column":5}},{"start":{},"end":{}}],"line":37},"4":{"loc":{"start":{"line":44,"column":4},"end":{"line":46,"column":5}},"type":"if","locations":[{"start":{"line":44,"column":4},"end":{"line":46,"column":5}},{"start":{},"end":{}}],"line":44},"5":{"loc":{"start":{"line":49,"column":4},"end":{"line":58,"column":5}},"type":"if","locations":[{"start":{"line":49,"column":4},"end":{"line":58,"column":5}},{"start":{},"end":{}}],"line":49},"6":{"loc":{"start":{"line":51,"column":6},"end":{"line":53,"column":7}},"type":"if","locations":[{"start":{"line":51,"column":6},"end":{"line":53,"column":7}},{"start":{},"end":{}}],"line":51},"7":{"loc":{"start":{"line":65,"column":4},"end":{"line":69,"column":5}},"type":"if","locations":[{"start":{"line":65,"column":4},"end":{"line":69,"column":5}},{"start":{},"end":{}}],"line":65},"8":{"loc":{"start":{"line":74,"column":4},"end":{"line":77,"column":5}},"type":"if","locations":[{"start":{"line":74,"column":4},"end":{"line":77,"column":5}},{"start":{},"end":{}}],"line":74},"9":{"loc":{"start":{"line":74,"column":8},"end":{"line":74,"column":32}},"type":"binary-expr","locations":[{"start":{"line":74,"column":8},"end":{"line":74,"column":18}},{"start":{"line":74,"column":22},"end":{"line":74,"column":32}}],"line":74},"10":{"loc":{"start":{"line":98,"column":4},"end":{"line":102,"column":5}},"type":"if","locations":[{"start":{"line":98,"column":4},"end":{"line":102,"column":5}},{"start":{},"end":{}}],"line":98},"11":{"loc":{"start":{"line":105,"column":4},"end":{"line":109,"column":5}},"type":"if","locations":[{"start":{"line":105,"column":4},"end":{"line":109,"column":5}},{"start":{},"end":{}}],"line":105},"12":{"loc":{"start":{"line":111,"column":4},"end":{"line":114,"column":5}},"type":"if","locations":[{"start":{"line":111,"column":4},"end":{"line":114,"column":5}},{"start":{},"end":{}}],"line":111},"13":{"loc":{"start":{"line":111,"column":8},"end":{"line":111,"column":61}},"type":"binary-expr","locations":[{"start":{"line":111,"column":8},"end":{"line":111,"column":29}},{"start":{"line":111,"column":33},"end":{"line":111,"column":61}}],"line":111}},"s":{"0":1,"1":0,"2":0,"3":0,"4":0,"5":0,"6":0,"7":1,"8":0,"9":0,"10":0,"11":0,"12":0,"13":0,"14":0,"15":0,"16":0,"17":0,"18":0,"19":0,"20":0,"21":0,"22":0,"23":0,"24":0,"25":0,"26":0,"27":0,"28":0,"29":1,"30":0,"31":0,"32":0,"33":0,"34":0,"35":0,"36":0,"37":0,"38":0,"39":0,"40":0,"41":0},"f":{"0":0,"1":0,"2":0,"3":0},"b":{"0":[0,0],"1":[0,0],"2":[0,0],"3":[0,0],"4":[0,0],"5":[0,0],"6":[0,0],"7":[0,0],"8":[0,0],"9":[0,0],"10":[0,0],"11":[0,0],"12":[0,0],"13":[0,0]},"meta":{"lastBranch":14,"lastFunction":4,"lastStatement":42,"seen":{"s:9:30:27:1":0,"f:9:30:9:35":0,"s:11:15:11:25":1,"b:13:2:17:3:undefined:undefined:undefined:undefined":0,"s:13:2:17:3":2,"s:14:4:16:65":3,"b:19:2:22:3:undefined:undefined:undefined:undefined":1,"s:19:2:22:3":4,"b:19:6:19:27:19:31:19:56":2,"s:21:4:21:18":5,"s:24:2:26:5":6,"s:34:32:88:1":7,"f:34:32:34:37":1,"s:35:2:87:3":8,"s:36:17:36:27":9,"b:37:4:41:5:undefined:undefined:undefined:undefined":3,"s:37:4:41:5":10,"s:38:6:40:67":11,"b:44:4:46:5:undefined:undefined:undefined:undefined":4,"s:44:4:46:5":12,"s:45:6:45:20":13,"b:49:4:58:5:undefined:undefined:undefined:undefined":5,"s:49:4:58:5":14,"b:51:6:53:7:undefined:undefined:undefined:undefined":6,"s:51:6:53:7":15,"s:52:8:52:22":16,"s:55:6:57:9":17,"s:61:18:63:6":18,"b:65:4:69:5:undefined:undefined:undefined:undefined":7,"s:65:4:69:5":19,"s:66:6:68:61":20,"s:71:23:71:51":21,"s:72:23:72:68":22,"f:72:44:72:45":2,"s:72:51:72:67":23,"b:74:4:77:5:undefined:undefined:undefined:undefined":8,"s:74:4:77:5":24,"b:74:8:74:18:74:22:74:32":9,"s:76:6:76:20":25,"s:79:4:81:7":26,"s:83:4:83:52":27,"s:84:4:86:68":28,"s:95:32:126:1":29,"f:95:32:95:37":3,"s:96:2:125:3":30,"s:97:18:97:53":31,"b:98:4:102:5:undefined:undefined:undefined:undefined":10,"s:98:4:102:5":32,"s:99:6:101:61":33,"s:104:17:104:27":34,"b:105:4:109:5:undefined:undefined:undefined:undefined":11,"s:105:4:109:5":35,"s:106:6:108:67":36,"b:111:4:114:5:undefined:undefined:undefined:undefined":12,"s:111:4:114:5":37,"b:111:8:111:29:111:33:111:61":13,"s:113:6:113:20":38,"s:116:4:119:7":39,"s:121:4:121:52":40,"s:122:4:124:68":41}}}
,"C:\\Users\\peggy\\Documents\\GitHub\\TaskManagement_GroupA\\backend\\src\\middleware\\workflow.js": {"path":"C:\\Users\\peggy\\Documents\\GitHub\\TaskManagement_GroupA\\backend\\src\\middleware\\workflow.js","statementMap":{"0":{"start":{"line":4,"column":16},"end":{"line":8,"column":1}},"1":{"start":{"line":5,"column":2},"end":{"line":7,"column":5}},"2":{"start":{"line":10,"column":34},"end":{"line":51,"column":1}},"3":{"start":{"line":11,"column":2},"end":{"line":50,"column":3}},"4":{"start":{"line":12,"column":20},"end":{"line":12,"column":33}},"5":{"start":{"line":13,"column":34},"end":{"line":13,"column":42}},"6":{"start":{"line":15,"column":4},"end":{"line":17,"column":5}},"7":{"start":{"line":16,"column":6},"end":{"line":16,"column":20}},"8":{"start":{"line":19,"column":18},"end":{"line":19,"column":40}},"9":{"start":{"line":21,"column":4},"end":{"line":25,"column":5}},"10":{"start":{"line":22,"column":6},"end":{"line":24,"column":9}},"11":{"start":{"line":27,"column":26},"end":{"line":27,"column":38}},"12":{"start":{"line":29,"column":20},"end":{"line":32,"column":5}},"13":{"start":{"line":34,"column":4},"end":{"line":38,"column":5}},"14":{"start":{"line":35,"column":6},"end":{"line":37,"column":9}},"15":{"start":{"line":41,"column":4},"end":{"line":45,"column":5}},"16":{"start":{"line":42,"column":6},"end":{"line":44,"column":9}},"17":{"start":{"line":47,"column":4},"end":{"line":47,"column":11}},"18":{"start":{"line":49,"column":4},"end":{"line":49,"column":16}}},"fnMap":{"0":{"name":"(anonymous_0)","decl":{"start":{"line":4,"column":16},"end":{"line":4,"column":21}},"loc":{"start":{"line":4,"column":30},"end":{"line":8,"column":1}},"line":4},"1":{"name":"(anonymous_1)","decl":{"start":{"line":10,"column":34},"end":{"line":10,"column":39}},"loc":{"start":{"line":10,"column":60},"end":{"line":51,"column":1}},"line":10}},"branchMap":{"0":{"loc":{"start":{"line":15,"column":4},"end":{"line":17,"column":5}},"type":"if","locations":[{"start":{"line":15,"column":4},"end":{"line":17,"column":5}},{"start":{},"end":{}}],"line":15},"1":{"loc":{"start":{"line":21,"column":4},"end":{"line":25,"column":5}},"type":"if","locations":[{"start":{"line":21,"column":4},"end":{"line":25,"column":5}},{"start":{},"end":{}}],"line":21},"2":{"loc":{"start":{"line":34,"column":4},"end":{"line":38,"column":5}},"type":"if","locations":[{"start":{"line":34,"column":4},"end":{"line":38,"column":5}},{"start":{},"end":{}}],"line":34},"3":{"loc":{"start":{"line":41,"column":4},"end":{"line":45,"column":5}},"type":"if","locations":[{"start":{"line":41,"column":4},"end":{"line":45,"column":5}},{"start":{},"end":{}}],"line":41},"4":{"loc":{"start":{"line":41,"column":8},"end":{"line":41,"column":60}},"type":"binary-expr","locations":[{"start":{"line":41,"column":8},"end":{"line":41,"column":28}},{"start":{"line":41,"column":32},"end":{"line":41,"column":60}}],"line":41}},"s":{"0":1,"1":0,"2":1,"3":0,"4":0,"5":0,"6":0,"7":0,"8":0,"9":0,"10":0,"11":0,"12":0,"13":0,"14":0,"15":0,"16":0,"17":0,"18":0},"f":{"0":0,"1":0},"b":{"0":[0,0],"1":[0,0],"2":[0,0],"3":[0,0],"4":[0,0]},"meta":{"lastBranch":5,"lastFunction":2,"lastStatement":19,"seen":{"s:4:16:8:1":0,"f:4:16:4:21":0,"s:5:2:7:5":1,"s:10:34:51:1":2,"f:10:34:10:39":1,"s:11:2:50:3":3,"s:12:20:12:33":4,"s:13:34:13:42":5,"b:15:4:17:5:undefined:undefined:undefined:undefined":0,"s:15:4:17:5":6,"s:16:6:16:20":7,"s:19:18:19:40":8,"b:21:4:25:5:undefined:undefined:undefined:undefined":1,"s:21:4:25:5":9,"s:22:6:24:9":10,"s:27:26:27:38":11,"s:29:20:32:5":12,"b:34:4:38:5:undefined:undefined:undefined:undefined":2,"s:34:4:38:5":13,"s:35:6:37:9":14,"b:41:4:45:5:undefined:undefined:undefined:undefined":3,"s:41:4:45:5":15,"b:41:8:41:28:41:32:41:60":4,"s:42:6:44:9":16,"s:47:4:47:11":17,"s:49:4:49:16":18}}}
,"C:\\Users\\peggy\\Documents\\GitHub\\TaskManagement_GroupA\\backend\\src\\models\\Attachment.js": {"path":"C:\\Users\\peggy\\Documents\\GitHub\\TaskManagement_GroupA\\backend\\src\\models\\Attachment.js","statementMap":{"0":{"start":{"line":6,"column":0},"end":{"line":60,"column":2}}},"fnMap":{},"branchMap":{},"s":{"0":1},"f":{},"b":{},"meta":{"lastBranch":0,"lastFunction":0,"lastStatement":1,"seen":{"s:6:0:60:2":0}}}
,"C:\\Users\\peggy\\Documents\\GitHub\\TaskManagement_GroupA\\backend\\src\\models\\AttachmentProject.js": {"path":"C:\\Users\\peggy\\Documents\\GitHub\\TaskManagement_GroupA\\backend\\src\\models\\AttachmentProject.js","statementMap":{"0":{"start":{"line":4,"column":26},"end":{"line":23,"column":1}}},"fnMap":{},"branchMap":{},"s":{"0":1},"f":{},"b":{},"meta":{"lastBranch":0,"lastFunction":0,"lastStatement":1,"seen":{"s:4:26:23:1":0}}}
,"C:\\Users\\peggy\\Documents\\GitHub\\TaskManagement_GroupA\\backend\\src\\models\\Board.js": {"path":"C:\\Users\\peggy\\Documents\\GitHub\\TaskManagement_GroupA\\backend\\src\\models\\Board.js","statementMap":{"0":{"start":{"line":6,"column":0},"end":{"line":22,"column":2}}},"fnMap":{},"branchMap":{},"s":{"0":1},"f":{},"b":{},"meta":{"lastBranch":0,"lastFunction":0,"lastStatement":1,"seen":{"s:6:0:22:2":0}}}
,"C:\\Users\\peggy\\Documents\\GitHub\\TaskManagement_GroupA\\backend\\src\\models\\Issue.js": {"path":"C:\\Users\\peggy\\Documents\\GitHub\\TaskManagement_GroupA\\backend\\src\\models\\Issue.js","statementMap":{"0":{"start":{"line":6,"column":0},"end":{"line":66,"column":2}}},"fnMap":{},"branchMap":{},"s":{"0":1},"f":{},"b":{},"meta":{"lastBranch":0,"lastFunction":0,"lastStatement":1,"seen":{"s:6:0:66:2":0}}}
,"C:\\Users\\peggy\\Documents\\GitHub\\TaskManagement_GroupA\\backend\\src\\models\\IssueAssignee.js": {"path":"C:\\Users\\peggy\\Documents\\GitHub\\TaskManagement_GroupA\\backend\\src\\models\\IssueAssignee.js","statementMap":{"0":{"start":{"line":4,"column":22},"end":{"line":16,"column":1}}},"fnMap":{},"branchMap":{},"s":{"0":1},"f":{},"b":{},"meta":{"lastBranch":0,"lastFunction":0,"lastStatement":1,"seen":{"s:4:22:16:1":0}}}
,"C:\\Users\\peggy\\Documents\\GitHub\\TaskManagement_GroupA\\backend\\src\\models\\Project.js": {"path":"C:\\Users\\peggy\\Documents\\GitHub\\TaskManagement_GroupA\\backend\\src\\models\\Project.js","statementMap":{"0":{"start":{"line":9,"column":16},"end":{"line":56,"column":1}}},"fnMap":{},"branchMap":{},"s":{"0":1},"f":{},"b":{},"meta":{"lastBranch":0,"lastFunction":0,"lastStatement":1,"seen":{"s:9:16:56:1":0}}}
,"C:\\Users\\peggy\\Documents\\GitHub\\TaskManagement_GroupA\\backend\\src\\models\\User.js": {"path":"C:\\Users\\peggy\\Documents\\GitHub\\TaskManagement_GroupA\\backend\\src\\models\\User.js","statementMap":{"0":{"start":{"line":6,"column":0},"end":{"line":25,"column":2}}},"fnMap":{},"branchMap":{},"s":{"0":1},"f":{},"b":{},"meta":{"lastBranch":0,"lastFunction":0,"lastStatement":1,"seen":{"s:6:0:25:2":0}}}
,"C:\\Users\\peggy\\Documents\\GitHub\\TaskManagement_GroupA\\backend\\src\\models\\model.js": {"path":"C:\\Users\\peggy\\Documents\\GitHub\\TaskManagement_GroupA\\backend\\src\\models\\model.js","statementMap":{"0":{"start":{"line":13,"column":2},"end":{"line":13,"column":70}},"1":{"start":{"line":14,"column":2},"end":{"line":14,"column":74}},"2":{"start":{"line":17,"column":2},"end":{"line":21,"column":5}},"3":{"start":{"line":22,"column":2},"end":{"line":25,"column":5}},"4":{"start":{"line":28,"column":2},"end":{"line":31,"column":5}},"5":{"start":{"line":32,"column":2},"end":{"line":32,"column":75}},"6":{"start":{"line":35,"column":2},"end":{"line":40,"column":5}},"7":{"start":{"line":42,"column":2},"end":{"line":47,"column":5}},"8":{"start":{"line":50,"column":2},"end":{"line":50,"column":72}},"9":{"start":{"line":51,"column":2},"end":{"line":51,"column":73}},"10":{"start":{"line":53,"column":2},"end":{"line":56,"column":5}},"11":{"start":{"line":58,"column":2},"end":{"line":61,"column":5}},"12":{"start":{"line":64,"column":2},"end":{"line":64,"column":67}},"13":{"start":{"line":65,"column":2},"end":{"line":65,"column":73}}},"fnMap":{"0":{"name":"applyAssociations","decl":{"start":{"line":11,"column":16},"end":{"line":11,"column":33}},"loc":{"start":{"line":11,"column":36},"end":{"line":66,"column":1}},"line":11}},"branchMap":{},"s":{"0":0,"1":0,"2":0,"3":0,"4":0,"5":0,"6":0,"7":0,"8":0,"9":0,"10":0,"11":0,"12":0,"13":0},"f":{"0":0},"b":{},"meta":{"lastBranch":0,"lastFunction":1,"lastStatement":14,"seen":{"f:11:16:11:33":0,"s:13:2:13:70":0,"s:14:2:14:74":1,"s:17:2:21:5":2,"s:22:2:25:5":3,"s:28:2:31:5":4,"s:32:2:32:75":5,"s:35:2:40:5":6,"s:42:2:47:5":7,"s:50:2:50:72":8,"s:51:2:51:73":9,"s:53:2:56:5":10,"s:58:2:61:5":11,"s:64:2:64:67":12,"s:65:2:65:73":13}}}
,"C:\\Users\\peggy\\Documents\\GitHub\\TaskManagement_GroupA\\backend\\src\\routes\\boards.js": {"path":"C:\\Users\\peggy\\Documents\\GitHub\\TaskManagement_GroupA\\backend\\src\\routes\\boards.js","statementMap":{"0":{"start":{"line":6,"column":15},"end":{"line":6,"column":31}},"1":{"start":{"line":8,"column":0},"end":{"line":15,"column":3}},"2":{"start":{"line":9,"column":2},"end":{"line":14,"column":3}},"3":{"start":{"line":10,"column":19},"end":{"line":10,"column":40}},"4":{"start":{"line":11,"column":4},"end":{"line":11,"column":21}},"5":{"start":{"line":13,"column":4},"end":{"line":13,"column":14}},"6":{"start":{"line":17,"column":0},"end":{"line":25,"column":3}},"7":{"start":{"line":18,"column":2},"end":{"line":24,"column":3}},"8":{"start":{"line":19,"column":18},"end":{"line":19,"column":53}},"9":{"start":{"line":20,"column":4},"end":{"line":20,"column":76}},"10":{"start":{"line":20,"column":16},"end":{"line":20,"column":76}},"11":{"start":{"line":21,"column":4},"end":{"line":21,"column":20}},"12":{"start":{"line":23,"column":4},"end":{"line":23,"column":14}},"13":{"start":{"line":28,"column":0},"end":{"line":62,"column":3}},"14":{"start":{"line":29,"column":2},"end":{"line":61,"column":3}},"15":{"start":{"line":30,"column":24},"end":{"line":30,"column":34}},"16":{"start":{"line":31,"column":59},"end":{"line":31,"column":68}},"17":{"start":{"line":32,"column":18},"end":{"line":32,"column":20}},"18":{"start":{"line":34,"column":4},"end":{"line":34,"column":32}},"19":{"start":{"line":34,"column":14},"end":{"line":34,"column":32}},"20":{"start":{"line":35,"column":4},"end":{"line":35,"column":50}},"21":{"start":{"line":35,"column":20},"end":{"line":35,"column":50}},"22":{"start":{"line":36,"column":4},"end":{"line":36,"column":44}},"23":{"start":{"line":36,"column":18},"end":{"line":36,"column":44}},"24":{"start":{"line":37,"column":4},"end":{"line":37,"column":38}},"25":{"start":{"line":37,"column":16},"end":{"line":37,"column":38}},"26":{"start":{"line":38,"column":4},"end":{"line":43,"column":5}},"27":{"start":{"line":39,"column":6},"end":{"line":42,"column":8}},"28":{"start":{"line":45,"column":4},"end":{"line":45,"column":28}},"29":{"start":{"line":47,"column":19},"end":{"line":56,"column":6}},"30":{"start":{"line":58,"column":4},"end":{"line":58,"column":52}},"31":{"start":{"line":60,"column":4},"end":{"line":60,"column":14}},"32":{"start":{"line":64,"column":0},"end":{"line":75,"column":3}},"33":{"start":{"line":65,"column":2},"end":{"line":74,"column":3}},"34":{"start":{"line":66,"column":33},"end":{"line":66,"column":41}},"35":{"start":{"line":67,"column":4},"end":{"line":67,"column":78}},"36":{"start":{"line":67,"column":16},"end":{"line":67,"column":78}},"37":{"start":{"line":68,"column":4},"end":{"line":69,"column":80}},"38":{"start":{"line":69,"column":6},"end":{"line":69,"column":80}},"39":{"start":{"line":70,"column":21},"end":{"line":70,"column":61}},"40":{"start":{"line":71,"column":4},"end":{"line":71,"column":35}},"41":{"start":{"line":73,"column":4},"end":{"line":73,"column":14}},"42":{"start":{"line":77,"column":0},"end":{"line":91,"column":3}},"43":{"start":{"line":78,"column":2},"end":{"line":90,"column":3}},"44":{"start":{"line":80,"column":22},"end":{"line":80,"column":30}},"45":{"start":{"line":81,"column":4},"end":{"line":82,"column":78}},"46":{"start":{"line":82,"column":6},"end":{"line":82,"column":78}},"47":{"start":{"line":83,"column":18},"end":{"line":83,"column":53}},"48":{"start":{"line":84,"column":4},"end":{"line":84,"column":76}},"49":{"start":{"line":84,"column":16},"end":{"line":84,"column":76}},"50":{"start":{"line":85,"column":4},"end":{"line":85,"column":24}},"51":{"start":{"line":86,"column":4},"end":{"line":86,"column":23}},"52":{"start":{"line":87,"column":4},"end":{"line":87,"column":20}},"53":{"start":{"line":89,"column":4},"end":{"line":89,"column":14}},"54":{"start":{"line":93,"column":0},"end":{"line":102,"column":3}},"55":{"start":{"line":94,"column":2},"end":{"line":101,"column":3}},"56":{"start":{"line":95,"column":18},"end":{"line":95,"column":53}},"57":{"start":{"line":96,"column":4},"end":{"line":96,"column":76}},"58":{"start":{"line":96,"column":16},"end":{"line":96,"column":76}},"59":{"start":{"line":97,"column":4},"end":{"line":97,"column":26}},"60":{"start":{"line":98,"column":4},"end":{"line":98,"column":56}},"61":{"start":{"line":100,"column":4},"end":{"line":100,"column":14}}},"fnMap":{"0":{"name":"(anonymous_0)","decl":{"start":{"line":8,"column":16},"end":{"line":8,"column":21}},"loc":{"start":{"line":8,"column":42},"end":{"line":15,"column":1}},"line":8},"1":{"name":"(anonymous_1)","decl":{"start":{"line":17,"column":19},"end":{"line":17,"column":24}},"loc":{"start":{"line":17,"column":45},"end":{"line":25,"column":1}},"line":17},"2":{"name":"(anonymous_2)","decl":{"start":{"line":28,"column":31},"end":{"line":28,"column":36}},"loc":{"start":{"line":28,"column":57},"end":{"line":62,"column":1}},"line":28},"3":{"name":"(anonymous_3)","decl":{"start":{"line":64,"column":17},"end":{"line":64,"column":22}},"loc":{"start":{"line":64,"column":43},"end":{"line":75,"column":1}},"line":64},"4":{"name":"(anonymous_4)","decl":{"start":{"line":77,"column":19},"end":{"line":77,"column":24}},"loc":{"start":{"line":77,"column":45},"end":{"line":91,"column":1}},"line":77},"5":{"name":"(anonymous_5)","decl":{"start":{"line":93,"column":22},"end":{"line":93,"column":27}},"loc":{"start":{"line":93,"column":48},"end":{"line":102,"column":1}},"line":93}},"branchMap":{"0":{"loc":{"start":{"line":20,"column":4},"end":{"line":20,"column":76}},"type":"if","locations":[{"start":{"line":20,"column":4},"end":{"line":20,"column":76}},{"start":{},"end":{}}],"line":20},"1":{"loc":{"start":{"line":34,"column":4},"end":{"line":34,"column":32}},"type":"if","locations":[{"start":{"line":34,"column":4},"end":{"line":34,"column":32}},{"start":{},"end":{}}],"line":34},"2":{"loc":{"start":{"line":35,"column":4},"end":{"line":35,"column":50}},"type":"if","locations":[{"start":{"line":35,"column":4},"end":{"line":35,"column":50}},{"start":{},"end":{}}],"line":35},"3":{"loc":{"start":{"line":36,"column":4},"end":{"line":36,"column":44}},"type":"if","locations":[{"start":{"line":36,"column":4},"end":{"line":36,"column":44}},{"start":{},"end":{}}],"line":36},"4":{"loc":{"start":{"line":37,"column":4},"end":{"line":37,"column":38}},"type":"if","locations":[{"start":{"line":37,"column":4},"end":{"line":37,"column":38}},{"start":{},"end":{}}],"line":37},"5":{"loc":{"start":{"line":38,"column":4},"end":{"line":43,"column":5}},"type":"if","locations":[{"start":{"line":38,"column":4},"end":{"line":43,"column":5}},{"start":{},"end":{}}],"line":38},"6":{"loc":{"start":{"line":67,"column":4},"end":{"line":67,"column":78}},"type":"if","locations":[{"start":{"line":67,"column":4},"end":{"line":67,"column":78}},{"start":{},"end":{}}],"line":67},"7":{"loc":{"start":{"line":68,"column":4},"end":{"line":69,"column":80}},"type":"if","locations":[{"start":{"line":68,"column":4},"end":{"line":69,"column":80}},{"start":{},"end":{}}],"line":68},"8":{"loc":{"start":{"line":81,"column":4},"end":{"line":82,"column":78}},"type":"if","locations":[{"start":{"line":81,"column":4},"end":{"line":82,"column":78}},{"start":{},"end":{}}],"line":81},"9":{"loc":{"start":{"line":84,"column":4},"end":{"line":84,"column":76}},"type":"if","locations":[{"start":{"line":84,"column":4},"end":{"line":84,"column":76}},{"start":{},"end":{}}],"line":84},"10":{"loc":{"start":{"line":96,"column":4},"end":{"line":96,"column":76}},"type":"if","locations":[{"start":{"line":96,"column":4},"end":{"line":96,"column":76}},{"start":{},"end":{}}],"line":96}},"s":{"0":1,"1":1,"2":0,"3":0,"4":0,"5":0,"6":1,"7":0,"8":0,"9":0,"10":0,"11":0,"12":0,"13":1,"14":0,"15":0,"16":0,"17":0,"18":0,"19":0,"20":0,"21":0,"22":0,"23":0,"24":0,"25":0,"26":0,"27":0,"28":0,"29":0,"30":0,"31":0,"32":1,"33":0,"34":0,"35":0,"36":0,"37":0,"38":0,"39":0,"40":0,"41":0,"42":1,"43":0,"44":0,"45":0,"46":0,"47":0,"48":0,"49":0,"50":0,"51":0,"52":0,"53":0,"54":1,"55":0,"56":0,"57":0,"58":0,"59":0,"60":0,"61":0},"f":{"0":0,"1":0,"2":0,"3":0,"4":0,"5":0},"b":{"0":[0,0],"1":[0,0],"2":[0,0],"3":[0,0],"4":[0,0],"5":[0,0],"6":[0,0],"7":[0,0],"8":[0,0],"9":[0,0],"10":[0,0]},"meta":{"lastBranch":11,"lastFunction":6,"lastStatement":62,"seen":{"s:6:15:6:31":0,"s:8:0:15:3":1,"f:8:16:8:21":0,"s:9:2:14:3":2,"s:10:19:10:40":3,"s:11:4:11:21":4,"s:13:4:13:14":5,"s:17:0:25:3":6,"f:17:19:17:24":1,"s:18:2:24:3":7,"s:19:18:19:53":8,"b:20:4:20:76:undefined:undefined:undefined:undefined":0,"s:20:4:20:76":9,"s:20:16:20:76":10,"s:21:4:21:20":11,"s:23:4:23:14":12,"s:28:0:62:3":13,"f:28:31:28:36":2,"s:29:2:61:3":14,"s:30:24:30:34":15,"s:31:59:31:68":16,"s:32:18:32:20":17,"b:34:4:34:32:undefined:undefined:undefined:undefined":1,"s:34:4:34:32":18,"s:34:14:34:32":19,"b:35:4:35:50:undefined:undefined:undefined:undefined":2,"s:35:4:35:50":20,"s:35:20:35:50":21,"b:36:4:36:44:undefined:undefined:undefined:undefined":3,"s:36:4:36:44":22,"s:36:18:36:44":23,"b:37:4:37:38:undefined:undefined:undefined:undefined":4,"s:37:4:37:38":24,"s:37:16:37:38":25,"b:38:4:43:5:undefined:undefined:undefined:undefined":5,"s:38:4:43:5":26,"s:39:6:42:8":27,"s:45:4:45:28":28,"s:47:19:56:6":29,"s:58:4:58:52":30,"s:60:4:60:14":31,"s:64:0:75:3":32,"f:64:17:64:22":3,"s:65:2:74:3":33,"s:66:33:66:41":34,"b:67:4:67:78:undefined:undefined:undefined:undefined":6,"s:67:4:67:78":35,"s:67:16:67:78":36,"b:68:4:69:80:undefined:undefined:undefined:undefined":7,"s:68:4:69:80":37,"s:69:6:69:80":38,"s:70:21:70:61":39,"s:71:4:71:35":40,"s:73:4:73:14":41,"s:77:0:91:3":42,"f:77:19:77:24":4,"s:78:2:90:3":43,"s:80:22:80:30":44,"b:81:4:82:78:undefined:undefined:undefined:undefined":8,"s:81:4:82:78":45,"s:82:6:82:78":46,"s:83:18:83:53":47,"b:84:4:84:76:undefined:undefined:undefined:undefined":9,"s:84:4:84:76":48,"s:84:16:84:76":49,"s:85:4:85:24":50,"s:86:4:86:23":51,"s:87:4:87:20":52,"s:89:4:89:14":53,"s:93:0:102:3":54,"f:93:22:93:27":5,"s:94:2:101:3":55,"s:95:18:95:53":56,"b:96:4:96:76:undefined:undefined:undefined:undefined":10,"s:96:4:96:76":57,"s:96:16:96:76":58,"s:97:4:97:26":59,"s:98:4:98:56":60,"s:100:4:100:14":61}}}
,"C:\\Users\\peggy\\Documents\\GitHub\\TaskManagement_GroupA\\backend\\src\\routes\\issues.js": {"path":"C:\\Users\\peggy\\Documents\\GitHub\\TaskManagement_GroupA\\backend\\src\\routes\\issues.js","statementMap":{"0":{"start":{"line":16,"column":15},"end":{"line":16,"column":31}},"1":{"start":{"line":19,"column":0},"end":{"line":19,"column":48}},"2":{"start":{"line":22,"column":0},"end":{"line":22,"column":46}},"3":{"start":{"line":25,"column":0},"end":{"line":25,"column":49}},"4":{"start":{"line":28,"column":0},"end":{"line":28,"column":79}},"5":{"start":{"line":31,"column":0},"end":{"line":31,"column":53}}},"fnMap":{},"branchMap":{},"s":{"0":1,"1":1,"2":1,"3":1,"4":1,"5":1},"f":{},"b":{},"meta":{"lastBranch":0,"lastFunction":0,"lastStatement":6,"seen":{"s:16:15:16:31":0,"s:19:0:19:48":1,"s:22:0:22:46":2,"s:25:0:25:49":3,"s:28:0:28:79":4,"s:31:0:31:53":5}}}
,"C:\\Users\\peggy\\Documents\\GitHub\\TaskManagement_GroupA\\backend\\src\\routes\\projectRoutes.js": {"path":"C:\\Users\\peggy\\Documents\\GitHub\\TaskManagement_GroupA\\backend\\src\\routes\\projectRoutes.js","statementMap":{"0":{"start":{"line":14,"column":15},"end":{"line":14,"column":31}},"1":{"start":{"line":16,"column":0},"end":{"line":16,"column":32}},"2":{"start":{"line":18,"column":0},"end":{"line":18,"column":29}},"3":{"start":{"line":20,"column":0},"end":{"line":20,"column":35}},"4":{"start":{"line":22,"column":0},"end":{"line":22,"column":44}},"5":{"start":{"line":24,"column":0},"end":{"line":24,"column":34}}},"fnMap":{},"branchMap":{},"s":{"0":1,"1":1,"2":1,"3":1,"4":1,"5":1},"f":{},"b":{},"meta":{"lastBranch":0,"lastFunction":0,"lastStatement":6,"seen":{"s:14:15:14:31":0,"s:16:0:16:32":1,"s:18:0:18:29":2,"s:20:0:20:35":3,"s:22:0:22:44":4,"s:24:0:24:34":5}}}
,"C:\\Users\\peggy\\Documents\\GitHub\\TaskManagement_GroupA\\backend\\src\\services\\WorkflowService.js": {"path":"C:\\Users\\peggy\\Documents\\GitHub\\TaskManagement_GroupA\\backend\\src\\services\\WorkflowService.js","statementMap":{"0":{"start":{"line":1,"column":27},"end":{"line":7,"column":1}},"1":{"start":{"line":9,"column":27},"end":{"line":11,"column":1}},"2":{"start":{"line":10,"column":2},"end":{"line":10,"column":41}},"3":{"start":{"line":13,"column":30},"end":{"line":15,"column":1}},"4":{"start":{"line":14,"column":2},"end":{"line":14,"column":49}},"5":{"start":{"line":17,"column":27},"end":{"line":19,"column":1}},"6":{"start":{"line":18,"column":2},"end":{"line":18,"column":64}}},"fnMap":{"0":{"name":"(anonymous_0)","decl":{"start":{"line":9,"column":27},"end":{"line":9,"column":28}},"loc":{"start":{"line":9,"column":33},"end":{"line":11,"column":1}},"line":9},"1":{"name":"(anonymous_1)","decl":{"start":{"line":13,"column":30},"end":{"line":13,"column":31}},"loc":{"start":{"line":13,"column":49},"end":{"line":15,"column":1}},"line":13},"2":{"name":"(anonymous_2)","decl":{"start":{"line":17,"column":27},"end":{"line":17,"column":28}},"loc":{"start":{"line":17,"column":57},"end":{"line":19,"column":1}},"line":17}},"branchMap":{"0":{"loc":{"start":{"line":14,"column":9},"end":{"line":14,"column":48}},"type":"binary-expr","locations":[{"start":{"line":14,"column":9},"end":{"line":14,"column":42}},{"start":{"line":14,"column":46},"end":{"line":14,"column":48}}],"line":14}},"s":{"0":1,"1":1,"2":0,"3":1,"4":0,"5":1,"6":0},"f":{"0":0,"1":0,"2":0},"b":{"0":[0,0]},"meta":{"lastBranch":1,"lastFunction":3,"lastStatement":7,"seen":{"s:1:27:7:1":0,"s:9:27:11:1":1,"f:9:27:9:28":0,"s:10:2:10:41":2,"s:13:30:15:1":3,"f:13:30:13:31":1,"s:14:2:14:49":4,"b:14:9:14:42:14:46:14:48":0,"s:17:27:19:1":5,"f:17:27:17:28":2,"s:18:2:18:64":6}}}
}
