<?xml version="1.0" encoding="UTF-8"?>
<coverage generated="1773434588175" clover="3.2.0">
  <project timestamp="1773434588175" name="All files">
    <metrics statements="145" coveredstatements="124" conditionals="126" coveredconditionals="100" methods="34" coveredmethods="34" elements="305" coveredelements="258" complexity="0" loc="145" ncloc="145" packages="4" files="9" classes="9"/>
    <package name="backend.src.middleware">
      <metrics statements="105" coveredstatements="88" conditionals="76" coveredconditionals="58" methods="21" coveredmethods="21"/>
      <file name="auth.js" path="C:\Users\jovya\Documents\SCHOOL\GitHub\CSB430-DesignImplementation\RiipenProject\TaskManagement_GroupA\backend\src\middleware\auth.js">
        <metrics statements="14" coveredstatements="5" conditionals="10" coveredconditionals="2" methods="1" coveredmethods="1"/>
        <line num="4" count="1" type="stmt"/>
        <line num="5" count="1" type="stmt"/>
        <line num="7" count="1" type="cond" truecount="2" falsecount="2"/>
        <line num="8" count="1" type="stmt"/>
        <line num="13" count="0" type="stmt"/>
        <line num="15" count="0" type="stmt"/>
        <line num="16" count="0" type="stmt"/>
        <line num="18" count="0" type="stmt"/>
        <line num="20" count="0" type="cond" truecount="0" falsecount="4"/>
        <line num="21" count="0" type="stmt"/>
        <line num="24" count="0" type="stmt"/>
        <line num="31" count="1" type="stmt"/>
        <line num="33" count="0" type="stmt"/>
        <line num="34" count="0" type="stmt"/>
      </file>
      <file name="authorize.js" path="C:\Users\jovya\Documents\SCHOOL\GitHub\CSB430-DesignImplementation\RiipenProject\TaskManagement_GroupA\backend\src\middleware\authorize.js">
        <metrics statements="19" coveredstatements="17" conditionals="12" coveredconditionals="10" methods="12" coveredmethods="12"/>
        <line num="6" count="1" type="stmt"/>
        <line num="7" count="17" type="cond" truecount="2" falsecount="0"/>
        <line num="15" count="15" type="stmt"/>
        <line num="23" count="1" type="stmt"/>
        <line num="24" count="5" type="cond" truecount="2" falsecount="0"/>
        <line num="32" count="1" type="stmt"/>
        <line num="33" count="6" type="cond" truecount="2" falsecount="0"/>
        <line num="40" count="2" type="stmt"/>
        <line num="41" count="2" type="cond" truecount="2" falsecount="0"/>
        <line num="42" count="1" type="stmt"/>
        <line num="44" count="1" type="stmt"/>
        <line num="52" count="1" type="stmt"/>
        <line num="53" count="1" type="cond" truecount="1" falsecount="1"/>
        <line num="54" count="0" type="stmt"/>
        <line num="56" count="1" type="stmt"/>
        <line num="64" count="1" type="stmt"/>
        <line num="65" count="1" type="cond" truecount="1" falsecount="1"/>
        <line num="66" count="1" type="stmt"/>
        <line num="68" count="0" type="stmt"/>
      </file>
      <file name="permissions.js" path="C:\Users\jovya\Documents\SCHOOL\GitHub\CSB430-DesignImplementation\RiipenProject\TaskManagement_GroupA\backend\src\middleware\permissions.js">
        <metrics statements="41" coveredstatements="36" conditionals="28" coveredconditionals="27" methods="4" coveredmethods="4"/>
        <line num="9" count="1" type="stmt"/>
        <line num="11" count="4" type="stmt"/>
        <line num="13" count="4" type="cond" truecount="2" falsecount="0"/>
        <line num="14" count="1" type="stmt"/>
        <line num="19" count="3" type="cond" truecount="4" falsecount="0"/>
        <line num="21" count="2" type="stmt"/>
        <line num="24" count="1" type="stmt"/>
        <line num="34" count="1" type="stmt"/>
        <line num="35" count="8" type="stmt"/>
        <line num="36" count="8" type="stmt"/>
        <line num="37" count="8" type="cond" truecount="2" falsecount="0"/>
        <line num="38" count="1" type="stmt"/>
        <line num="44" count="7" type="cond" truecount="2" falsecount="0"/>
        <line num="45" count="1" type="stmt"/>
        <line num="49" count="6" type="cond" truecount="2" falsecount="0"/>
        <line num="51" count="2" type="cond" truecount="2" falsecount="0"/>
        <line num="52" count="1" type="stmt"/>
        <line num="55" count="1" type="stmt"/>
        <line num="61" count="4" type="stmt"/>
        <line num="65" count="4" type="cond" truecount="2" falsecount="0"/>
        <line num="66" count="1" type="stmt"/>
        <line num="71" count="3" type="stmt"/>
        <line num="72" count="3" type="stmt"/>
        <line num="74" count="3" type="cond" truecount="4" falsecount="0"/>
        <line num="76" count="2" type="stmt"/>
        <line num="79" count="1" type="stmt"/>
        <line num="83" count="0" type="stmt"/>
        <line num="84" count="0" type="stmt"/>
        <line num="95" count="1" type="stmt"/>
        <line num="96" count="4" type="stmt"/>
        <line num="97" count="4" type="stmt"/>
        <line num="98" count="4" type="cond" truecount="2" falsecount="0"/>
        <line num="99" count="1" type="stmt"/>
        <line num="104" count="3" type="stmt"/>
        <line num="105" count="3" type="cond" truecount="1" falsecount="1"/>
        <line num="106" count="0" type="stmt"/>
        <line num="111" count="3" type="cond" truecount="4" falsecount="0"/>
        <line num="113" count="2" type="stmt"/>
        <line num="116" count="1" type="stmt"/>
        <line num="121" count="0" type="stmt"/>
        <line num="122" count="0" type="stmt"/>
      </file>
      <file name="syncUser.js" path="C:\Users\jovya\Documents\SCHOOL\GitHub\CSB430-DesignImplementation\RiipenProject\TaskManagement_GroupA\backend\src\middleware\syncUser.js">
        <metrics statements="31" coveredstatements="30" conditionals="26" coveredconditionals="19" methods="4" coveredmethods="4"/>
        <line num="29" count="2" type="stmt"/>
        <line num="30" count="2" type="cond" truecount="1" falsecount="1"/>
        <line num="31" count="2" type="cond" truecount="1" falsecount="1"/>
        <line num="32" count="2" type="cond" truecount="1" falsecount="1"/>
        <line num="34" count="2" type="cond" truecount="1" falsecount="1"/>
        <line num="35" count="2" type="cond" truecount="1" falsecount="1"/>
        <line num="37" count="2" type="stmt"/>
        <line num="47" count="2" type="stmt"/>
        <line num="48" count="2" type="stmt"/>
        <line num="49" count="3" type="cond" truecount="2" falsecount="0"/>
        <line num="51" count="0" type="stmt"/>
        <line num="67" count="2" type="stmt"/>
        <line num="68" count="2" type="cond" truecount="1" falsecount="2"/>
        <line num="89" count="5" type="stmt"/>
        <line num="90" count="5" type="cond" truecount="2" falsecount="0"/>
        <line num="92" count="4" type="stmt"/>
        <line num="94" count="3" type="stmt"/>
        <line num="96" count="3" type="cond" truecount="2" falsecount="0"/>
        <line num="100" count="5" type="stmt"/>
        <line num="101" count="5" type="cond" truecount="2" falsecount="0"/>
        <line num="106" count="1" type="stmt"/>
        <line num="107" count="1" type="stmt"/>
        <line num="111" count="2" type="stmt"/>
        <line num="114" count="2" type="stmt"/>
        <line num="115" count="2" type="stmt"/>
        <line num="117" count="5" type="stmt"/>
        <line num="127" count="5" type="stmt"/>
        <line num="128" count="2" type="stmt"/>
        <line num="129" count="2" type="stmt"/>
        <line num="131" count="1" type="stmt"/>
        <line num="132" count="1" type="stmt"/>
      </file>
    </package>
    <package name="frontend.src">
      <metrics statements="14" coveredstatements="13" conditionals="20" coveredconditionals="18" methods="2" coveredmethods="2"/>
      <file name="App.css" path="C:\Users\jovya\Documents\SCHOOL\GitHub\CSB430-DesignImplementation\RiipenProject\TaskManagement_GroupA\frontend\src\App.css">
        <metrics statements="0" coveredstatements="0" conditionals="0" coveredconditionals="0" methods="0" coveredmethods="0"/>
      </file>
      <file name="App.jsx" path="C:\Users\jovya\Documents\SCHOOL\GitHub\CSB430-DesignImplementation\RiipenProject\TaskManagement_GroupA\frontend\src\App.jsx">
        <metrics statements="14" coveredstatements="13" conditionals="20" coveredconditionals="18" methods="2" coveredmethods="2"/>
        <line num="11" count="6" type="stmt"/>
        <line num="14" count="6" type="cond" truecount="2" falsecount="0"/>
        <line num="15" count="1" type="stmt"/>
        <line num="22" count="5" type="stmt"/>
        <line num="23" count="4" type="cond" truecount="4" falsecount="0"/>
        <line num="24" count="1" type="stmt"/>
        <line num="32" count="3" type="cond" truecount="2" falsecount="0"/>
        <line num="33" count="1" type="stmt"/>
        <line num="35" count="2" type="cond" truecount="2" falsecount="0"/>
        <line num="36" count="1" type="stmt"/>
        <line num="38" count="1" type="cond" truecount="1" falsecount="1"/>
        <line num="39" count="1" type="stmt"/>
        <line num="43" count="0" type="stmt"/>
        <line num="60" count="5" type="stmt"/>
      </file>
    </package>
    <package name="frontend.src.auth">
      <metrics statements="8" coveredstatements="8" conditionals="6" coveredconditionals="6" methods="6" coveredmethods="6"/>
      <file name="AuthContext.jsx" path="C:\Users\jovya\Documents\SCHOOL\GitHub\CSB430-DesignImplementation\RiipenProject\TaskManagement_GroupA\frontend\src\auth\AuthContext.jsx">
        <metrics statements="1" coveredstatements="1" conditionals="0" coveredconditionals="0" methods="0" coveredmethods="0"/>
        <line num="3" count="1" type="stmt"/>
      </file>
      <file name="authHelpers.js" path="C:\Users\jovya\Documents\SCHOOL\GitHub\CSB430-DesignImplementation\RiipenProject\TaskManagement_GroupA\frontend\src\auth\authHelpers.js">
        <metrics statements="7" coveredstatements="7" conditionals="6" coveredconditionals="6" methods="6" coveredmethods="6"/>
        <line num="10" count="1" type="stmt"/>
        <line num="11" count="36" type="cond" truecount="2" falsecount="0"/>
        <line num="20" count="30" type="stmt"/>
        <line num="29" count="1" type="stmt"/>
        <line num="30" count="9" type="cond" truecount="2" falsecount="0"/>
        <line num="39" count="1" type="stmt"/>
        <line num="40" count="11" type="cond" truecount="2" falsecount="0"/>
      </file>
    </package>
    <package name="frontend.src.utils">
      <metrics statements="18" coveredstatements="15" conditionals="24" coveredconditionals="18" methods="5" coveredmethods="5"/>
      <file name="dateTime.js" path="C:\Users\jovya\Documents\SCHOOL\GitHub\CSB430-DesignImplementation\RiipenProject\TaskManagement_GroupA\frontend\src\utils\dateTime.js">
        <metrics statements="18" coveredstatements="15" conditionals="24" coveredconditionals="18" methods="5" coveredmethods="5"/>
        <line num="5" count="1" type="stmt"/>
        <line num="6" count="1" type="stmt"/>
        <line num="9" count="3" type="cond" truecount="2" falsecount="0"/>
        <line num="10" count="1" type="stmt"/>
        <line num="11" count="1" type="cond" truecount="1" falsecount="1"/>
        <line num="33" count="2" type="stmt"/>
        <line num="52" count="1" type="stmt"/>
        <line num="74" count="1" type="cond" truecount="1" falsecount="1"/>
        <line num="75" count="0" type="stmt"/>
        <line num="76" count="0" type="cond" truecount="0" falsecount="2"/>
        <line num="77" count="0" type="stmt"/>
        <line num="101" count="4" type="cond" truecount="2" falsecount="0"/>
        <line num="102" count="3" type="stmt"/>
        <line num="103" count="3" type="cond" truecount="2" falsecount="0"/>
        <line num="106" count="2" type="cond" truecount="1" falsecount="1"/>
        <line num="108" count="2" type="stmt"/>
        <line num="109" count="2" type="cond" truecount="1" falsecount="1"/>
        <line num="112" count="2" type="stmt"/>
      </file>
    </package>
  </project>
</coverage>
