{
  "C:\\Users\\jovya\\Documents\\SCHOOL\\GitHub\\CSB430-DesignImplementation\\RiipenProject\\TaskManagement_GroupA\\backend\\src\\middleware\\auth.js": {
    "path": "C:\\Users\\jovya\\Documents\\SCHOOL\\GitHub\\CSB430-DesignImplementation\\RiipenProject\\TaskManagement_GroupA\\backend\\src\\middleware\\auth.js",
    "statementMap": {
      "0": {
        "start": { "line": 4, "column": 27 },
        "end": { "line": 36, "column": 1 }
      },
      "1": {
        "start": { "line": 5, "column": 21 },
        "end": { "line": 5, "column": 46 }
      },
      "2": {
        "start": { "line": 7, "column": 2 },
        "end": { "line": 11, "column": 3 }
      },
      "3": {
        "start": { "line": 8, "column": 4 },
        "end": { "line": 10, "column": 66 }
      },
      "4": {
        "start": { "line": 13, "column": 16 },
        "end": { "line": 13, "column": 40 }
      },
      "5": {
        "start": { "line": 15, "column": 2 },
        "end": { "line": 35, "column": 3 }
      },
      "6": {
        "start": { "line": 16, "column": 16 },
        "end": { "line": 16, "column": 26 }
      },
      "7": {
        "start": { "line": 18, "column": 24 },
        "end": { "line": 18, "column": 61 }
      },
      "8": {
        "start": { "line": 20, "column": 4 },
        "end": { "line": 22, "column": 5 }
      },
      "9": {
        "start": { "line": 21, "column": 6 },
        "end": { "line": 21, "column": 62 }
      },
      "10": {
        "start": { "line": 24, "column": 4 },
        "end": { "line": 30, "column": 6 }
      },
      "11": {
        "start": { "line": 31, "column": 4 },
        "end": { "line": 31, "column": 11 }
      },
      "12": {
        "start": { "line": 33, "column": 4 },
        "end": { "line": 33, "column": 53 }
      },
      "13": {
        "start": { "line": 34, "column": 4 },
        "end": { "line": 34, "column": 71 }
      }
    },
    "fnMap": {
      "0": {
        "name": "(anonymous_0)",
        "decl": {
          "start": { "line": 4, "column": 27 },
          "end": { "line": 4, "column": 32 }
        },
        "loc": {
          "start": { "line": 4, "column": 53 },
          "end": { "line": 36, "column": 1 }
        },
        "line": 4
      }
    },
    "branchMap": {
      "0": {
        "loc": {
          "start": { "line": 7, "column": 2 },
          "end": { "line": 11, "column": 3 }
        },
        "type": "if",
        "locations": [
          {
            "start": { "line": 7, "column": 2 },
            "end": { "line": 11, "column": 3 }
          },
          { "start": {}, "end": {} }
        ],
        "line": 7
      },
      "1": {
        "loc": {
          "start": { "line": 7, "column": 6 },
          "end": { "line": 7, "column": 54 }
        },
        "type": "binary-expr",
        "locations": [
          {
            "start": { "line": 7, "column": 6 },
            "end": { "line": 7, "column": 17 }
          },
          {
            "start": { "line": 7, "column": 21 },
            "end": { "line": 7, "column": 54 }
          }
        ],
        "line": 7
      },
      "2": {
        "loc": {
          "start": { "line": 20, "column": 4 },
          "end": { "line": 22, "column": 5 }
        },
        "type": "if",
        "locations": [
          {
            "start": { "line": 20, "column": 4 },
            "end": { "line": 22, "column": 5 }
          },
          { "start": {}, "end": {} }
        ],
        "line": 20
      },
      "3": {
        "loc": {
          "start": { "line": 20, "column": 8 },
          "end": { "line": 20, "column": 54 }
        },
        "type": "binary-expr",
        "locations": [
          {
            "start": { "line": 20, "column": 8 },
            "end": { "line": 20, "column": 19 }
          },
          {
            "start": { "line": 20, "column": 23 },
            "end": { "line": 20, "column": 54 }
          }
        ],
        "line": 20
      },
      "4": {
        "loc": {
          "start": { "line": 29, "column": 13 },
          "end": { "line": 29, "column": 45 }
        },
        "type": "binary-expr",
        "locations": [
          {
            "start": { "line": 29, "column": 13 },
            "end": { "line": 29, "column": 39 }
          },
          {
            "start": { "line": 29, "column": 43 },
            "end": { "line": 29, "column": 45 }
          }
        ],
        "line": 29
      }
    },
    "s": {
      "0": 1,
      "1": 1,
      "2": 1,
      "3": 1,
      "4": 0,
      "5": 0,
      "6": 0,
      "7": 0,
      "8": 0,
      "9": 0,
      "10": 0,
      "11": 1,
      "12": 0,
      "13": 0
    },
    "f": { "0": 1 },
    "b": { "0": [1, 0], "1": [1, 0], "2": [0, 0], "3": [0, 0], "4": [0, 0] },
    "meta": {
      "lastBranch": 5,
      "lastFunction": 1,
      "lastStatement": 14,
      "seen": {
        "s:4:27:36:1": 0,
        "f:4:27:4:32": 0,
        "s:5:21:5:46": 1,
        "b:7:2:11:3:undefined:undefined:undefined:undefined": 0,
        "s:7:2:11:3": 2,
        "b:7:6:7:17:7:21:7:54": 1,
        "s:8:4:10:66": 3,
        "s:13:16:13:40": 4,
        "s:15:2:35:3": 5,
        "s:16:16:16:26": 6,
        "s:18:24:18:61": 7,
        "b:20:4:22:5:undefined:undefined:undefined:undefined": 2,
        "s:20:4:22:5": 8,
        "b:20:8:20:19:20:23:20:54": 3,
        "s:21:6:21:62": 9,
        "s:24:4:30:6": 10,
        "b:29:13:29:39:29:43:29:45": 4,
        "s:31:4:31:11": 11,
        "s:33:4:33:53": 12,
        "s:34:4:34:71": 13
      }
    }
  },
  "C:\\Users\\jovya\\Documents\\SCHOOL\\GitHub\\CSB430-DesignImplementation\\RiipenProject\\TaskManagement_GroupA\\backend\\src\\middleware\\authorize.js": {
    "path": "C:\\Users\\jovya\\Documents\\SCHOOL\\GitHub\\CSB430-DesignImplementation\\RiipenProject\\TaskManagement_GroupA\\backend\\src\\middleware\\authorize.js",
    "statementMap": {
      "0": {
        "start": { "line": 6, "column": 24 },
        "end": { "line": 7, "column": 46 }
      },
      "1": {
        "start": { "line": 7, "column": 2 },
        "end": { "line": 7, "column": 46 }
      },
      "2": {
        "start": { "line": 15, "column": 23 },
        "end": { "line": 15, "column": 68 }
      },
      "3": {
        "start": { "line": 15, "column": 39 },
        "end": { "line": 15, "column": 68 }
      },
      "4": {
        "start": { "line": 23, "column": 26 },
        "end": { "line": 24, "column": 67 }
      },
      "5": {
        "start": { "line": 24, "column": 2 },
        "end": { "line": 24, "column": 67 }
      },
      "6": {
        "start": { "line": 24, "column": 47 },
        "end": { "line": 24, "column": 66 }
      },
      "7": {
        "start": { "line": 32, "column": 27 },
        "end": { "line": 33, "column": 68 }
      },
      "8": {
        "start": { "line": 33, "column": 2 },
        "end": { "line": 33, "column": 68 }
      },
      "9": {
        "start": { "line": 33, "column": 48 },
        "end": { "line": 33, "column": 67 }
      },
      "10": {
        "start": { "line": 40, "column": 27 },
        "end": { "line": 45, "column": 1 }
      },
      "11": {
        "start": { "line": 40, "column": 37 },
        "end": { "line": 45, "column": 1 }
      },
      "12": {
        "start": { "line": 41, "column": 2 },
        "end": { "line": 43, "column": 3 }
      },
      "13": {
        "start": { "line": 42, "column": 4 },
        "end": { "line": 42, "column": 56 }
      },
      "14": {
        "start": { "line": 44, "column": 2 },
        "end": { "line": 44, "column": 9 }
      },
      "15": {
        "start": { "line": 52, "column": 30 },
        "end": { "line": 57, "column": 1 }
      },
      "16": {
        "start": { "line": 52, "column": 41 },
        "end": { "line": 57, "column": 1 }
      },
      "17": {
        "start": { "line": 53, "column": 2 },
        "end": { "line": 55, "column": 3 }
      },
      "18": {
        "start": { "line": 54, "column": 4 },
        "end": { "line": 54, "column": 56 }
      },
      "19": {
        "start": { "line": 56, "column": 2 },
        "end": { "line": 56, "column": 9 }
      },
      "20": {
        "start": { "line": 64, "column": 31 },
        "end": { "line": 69, "column": 1 }
      },
      "21": {
        "start": { "line": 64, "column": 42 },
        "end": { "line": 69, "column": 1 }
      },
      "22": {
        "start": { "line": 65, "column": 2 },
        "end": { "line": 67, "column": 3 }
      },
      "23": {
        "start": { "line": 66, "column": 4 },
        "end": { "line": 66, "column": 56 }
      },
      "24": {
        "start": { "line": 68, "column": 2 },
        "end": { "line": 68, "column": 9 }
      }
    },
    "fnMap": {
      "0": {
        "name": "(anonymous_0)",
        "decl": {
          "start": { "line": 6, "column": 24 },
          "end": { "line": 6, "column": 25 }
        },
        "loc": {
          "start": { "line": 7, "column": 2 },
          "end": { "line": 7, "column": 46 }
        },
        "line": 7
      },
      "1": {
        "name": "(anonymous_1)",
        "decl": {
          "start": { "line": 15, "column": 23 },
          "end": { "line": 15, "column": 24 }
        },
        "loc": {
          "start": { "line": 15, "column": 39 },
          "end": { "line": 15, "column": 68 }
        },
        "line": 15
      },
      "2": {
        "name": "(anonymous_2)",
        "decl": {
          "start": { "line": 23, "column": 26 },
          "end": { "line": 23, "column": 27 }
        },
        "loc": {
          "start": { "line": 24, "column": 2 },
          "end": { "line": 24, "column": 67 }
        },
        "line": 24
      },
      "3": {
        "name": "(anonymous_3)",
        "decl": {
          "start": { "line": 24, "column": 37 },
          "end": { "line": 24, "column": 38 }
        },
        "loc": {
          "start": { "line": 24, "column": 47 },
          "end": { "line": 24, "column": 66 }
        },
        "line": 24
      },
      "4": {
        "name": "(anonymous_4)",
        "decl": {
          "start": { "line": 32, "column": 27 },
          "end": { "line": 32, "column": 28 }
        },
        "loc": {
          "start": { "line": 33, "column": 2 },
          "end": { "line": 33, "column": 68 }
        },
        "line": 33
      },
      "5": {
        "name": "(anonymous_5)",
        "decl": {
          "start": { "line": 33, "column": 38 },
          "end": { "line": 33, "column": 39 }
        },
        "loc": {
          "start": { "line": 33, "column": 48 },
          "end": { "line": 33, "column": 67 }
        },
        "line": 33
      },
      "6": {
        "name": "(anonymous_6)",
        "decl": {
          "start": { "line": 40, "column": 27 },
          "end": { "line": 40, "column": 28 }
        },
        "loc": {
          "start": { "line": 40, "column": 37 },
          "end": { "line": 45, "column": 1 }
        },
        "line": 40
      },
      "7": {
        "name": "(anonymous_7)",
        "decl": {
          "start": { "line": 40, "column": 37 },
          "end": { "line": 40, "column": 38 }
        },
        "loc": {
          "start": { "line": 40, "column": 57 },
          "end": { "line": 45, "column": 1 }
        },
        "line": 40
      },
      "8": {
        "name": "(anonymous_8)",
        "decl": {
          "start": { "line": 52, "column": 30 },
          "end": { "line": 52, "column": 31 }
        },
        "loc": {
          "start": { "line": 52, "column": 41 },
          "end": { "line": 57, "column": 1 }
        },
        "line": 52
      },
      "9": {
        "name": "(anonymous_9)",
        "decl": {
          "start": { "line": 52, "column": 41 },
          "end": { "line": 52, "column": 42 }
        },
        "loc": {
          "start": { "line": 52, "column": 61 },
          "end": { "line": 57, "column": 1 }
        },
        "line": 52
      },
      "10": {
        "name": "(anonymous_10)",
        "decl": {
          "start": { "line": 64, "column": 31 },
          "end": { "line": 64, "column": 32 }
        },
        "loc": {
          "start": { "line": 64, "column": 42 },
          "end": { "line": 69, "column": 1 }
        },
        "line": 64
      },
      "11": {
        "name": "(anonymous_11)",
        "decl": {
          "start": { "line": 64, "column": 42 },
          "end": { "line": 64, "column": 43 }
        },
        "loc": {
          "start": { "line": 64, "column": 62 },
          "end": { "line": 69, "column": 1 }
        },
        "line": 64
      }
    },
    "branchMap": {
      "0": {
        "loc": {
          "start": { "line": 7, "column": 2 },
          "end": { "line": 7, "column": 46 }
        },
        "type": "cond-expr",
        "locations": [
          {
            "start": { "line": 7, "column": 31 },
            "end": { "line": 7, "column": 41 }
          },
          {
            "start": { "line": 7, "column": 44 },
            "end": { "line": 7, "column": 46 }
          }
        ],
        "line": 7
      },
      "1": {
        "loc": {
          "start": { "line": 24, "column": 2 },
          "end": { "line": 24, "column": 67 }
        },
        "type": "binary-expr",
        "locations": [
          {
            "start": { "line": 24, "column": 2 },
            "end": { "line": 24, "column": 22 }
          },
          {
            "start": { "line": 24, "column": 26 },
            "end": { "line": 24, "column": 67 }
          }
        ],
        "line": 24
      },
      "2": {
        "loc": {
          "start": { "line": 33, "column": 2 },
          "end": { "line": 33, "column": 68 }
        },
        "type": "binary-expr",
        "locations": [
          {
            "start": { "line": 33, "column": 2 },
            "end": { "line": 33, "column": 22 }
          },
          {
            "start": { "line": 33, "column": 26 },
            "end": { "line": 33, "column": 68 }
          }
        ],
        "line": 33
      },
      "3": {
        "loc": {
          "start": { "line": 41, "column": 2 },
          "end": { "line": 43, "column": 3 }
        },
        "type": "if",
        "locations": [
          {
            "start": { "line": 41, "column": 2 },
            "end": { "line": 43, "column": 3 }
          },
          { "start": {}, "end": {} }
        ],
        "line": 41
      },
      "4": {
        "loc": {
          "start": { "line": 53, "column": 2 },
          "end": { "line": 55, "column": 3 }
        },
        "type": "if",
        "locations": [
          {
            "start": { "line": 53, "column": 2 },
            "end": { "line": 55, "column": 3 }
          },
          { "start": {}, "end": {} }
        ],
        "line": 53
      },
      "5": {
        "loc": {
          "start": { "line": 65, "column": 2 },
          "end": { "line": 67, "column": 3 }
        },
        "type": "if",
        "locations": [
          {
            "start": { "line": 65, "column": 2 },
            "end": { "line": 67, "column": 3 }
          },
          { "start": {}, "end": {} }
        ],
        "line": 65
      }
    },
    "s": {
      "0": 1,
      "1": 17,
      "2": 1,
      "3": 15,
      "4": 1,
      "5": 3,
      "6": 5,
      "7": 1,
      "8": 3,
      "9": 6,
      "10": 1,
      "11": 2,
      "12": 2,
      "13": 1,
      "14": 1,
      "15": 1,
      "16": 1,
      "17": 1,
      "18": 0,
      "19": 1,
      "20": 1,
      "21": 1,
      "22": 1,
      "23": 1,
      "24": 0
    },
    "f": {
      "0": 17,
      "1": 15,
      "2": 3,
      "3": 5,
      "4": 3,
      "5": 6,
      "6": 2,
      "7": 2,
      "8": 1,
      "9": 1,
      "10": 1,
      "11": 1
    },
    "b": {
      "0": [16, 1],
      "1": [3, 3],
      "2": [3, 3],
      "3": [1, 1],
      "4": [0, 1],
      "5": [1, 0]
    },
    "meta": {
      "lastBranch": 6,
      "lastFunction": 12,
      "lastStatement": 25,
      "seen": {
        "s:6:24:7:46": 0,
        "f:6:24:6:25": 0,
        "s:7:2:7:46": 1,
        "b:7:31:7:41:7:44:7:46": 0,
        "s:15:23:15:68": 2,
        "f:15:23:15:24": 1,
        "s:15:39:15:68": 3,
        "s:23:26:24:67": 4,
        "f:23:26:23:27": 2,
        "s:24:2:24:67": 5,
        "b:24:2:24:22:24:26:24:67": 1,
        "f:24:37:24:38": 3,
        "s:24:47:24:66": 6,
        "s:32:27:33:68": 7,
        "f:32:27:32:28": 4,
        "s:33:2:33:68": 8,
        "b:33:2:33:22:33:26:33:68": 2,
        "f:33:38:33:39": 5,
        "s:33:48:33:67": 9,
        "s:40:27:45:1": 10,
        "f:40:27:40:28": 6,
        "s:40:37:45:1": 11,
        "f:40:37:40:38": 7,
        "b:41:2:43:3:undefined:undefined:undefined:undefined": 3,
        "s:41:2:43:3": 12,
        "s:42:4:42:56": 13,
        "s:44:2:44:9": 14,
        "s:52:30:57:1": 15,
        "f:52:30:52:31": 8,
        "s:52:41:57:1": 16,
        "f:52:41:52:42": 9,
        "b:53:2:55:3:undefined:undefined:undefined:undefined": 4,
        "s:53:2:55:3": 17,
        "s:54:4:54:56": 18,
        "s:56:2:56:9": 19,
        "s:64:31:69:1": 20,
        "f:64:31:64:32": 10,
        "s:64:42:69:1": 21,
        "f:64:42:64:43": 11,
        "b:65:2:67:3:undefined:undefined:undefined:undefined": 5,
        "s:65:2:67:3": 22,
        "s:66:4:66:56": 23,
        "s:68:2:68:9": 24
      }
    }
  },
  "C:\\Users\\jovya\\Documents\\SCHOOL\\GitHub\\CSB430-DesignImplementation\\RiipenProject\\TaskManagement_GroupA\\backend\\src\\middleware\\permissions.js": {
    "path": "C:\\Users\\jovya\\Documents\\SCHOOL\\GitHub\\CSB430-DesignImplementation\\RiipenProject\\TaskManagement_GroupA\\backend\\src\\middleware\\permissions.js",
    "statementMap": {
      "0": {
        "start": { "line": 9, "column": 30 },
        "end": { "line": 27, "column": 1 }
      },
      "1": {
        "start": { "line": 11, "column": 15 },
        "end": { "line": 11, "column": 25 }
      },
      "2": {
        "start": { "line": 13, "column": 2 },
        "end": { "line": 17, "column": 3 }
      },
      "3": {
        "start": { "line": 14, "column": 4 },
        "end": { "line": 16, "column": 65 }
      },
      "4": {
        "start": { "line": 19, "column": 2 },
        "end": { "line": 22, "column": 3 }
      },
      "5": {
        "start": { "line": 21, "column": 4 },
        "end": { "line": 21, "column": 18 }
      },
      "6": {
        "start": { "line": 24, "column": 2 },
        "end": { "line": 26, "column": 5 }
      },
      "7": {
        "start": { "line": 34, "column": 32 },
        "end": { "line": 88, "column": 1 }
      },
      "8": {
        "start": { "line": 35, "column": 2 },
        "end": { "line": 87, "column": 3 }
      },
      "9": {
        "start": { "line": 36, "column": 17 },
        "end": { "line": 36, "column": 27 }
      },
      "10": {
        "start": { "line": 37, "column": 4 },
        "end": { "line": 41, "column": 5 }
      },
      "11": {
        "start": { "line": 38, "column": 6 },
        "end": { "line": 40, "column": 67 }
      },
      "12": {
        "start": { "line": 44, "column": 4 },
        "end": { "line": 46, "column": 5 }
      },
      "13": {
        "start": { "line": 45, "column": 6 },
        "end": { "line": 45, "column": 20 }
      },
      "14": {
        "start": { "line": 49, "column": 4 },
        "end": { "line": 58, "column": 5 }
      },
      "15": {
        "start": { "line": 51, "column": 6 },
        "end": { "line": 53, "column": 7 }
      },
      "16": {
        "start": { "line": 52, "column": 8 },
        "end": { "line": 52, "column": 22 }
      },
      "17": {
        "start": { "line": 55, "column": 6 },
        "end": { "line": 57, "column": 9 }
      },
      "18": {
        "start": { "line": 61, "column": 18 },
        "end": { "line": 63, "column": 6 }
      },
      "19": {
        "start": { "line": 65, "column": 4 },
        "end": { "line": 69, "column": 5 }
      },
      "20": {
        "start": { "line": 66, "column": 6 },
        "end": { "line": 68, "column": 61 }
      },
      "21": {
        "start": { "line": 71, "column": 23 },
        "end": { "line": 71, "column": 51 }
      },
      "22": {
        "start": { "line": 72, "column": 23 },
        "end": { "line": 72, "column": 68 }
      },
      "23": {
        "start": { "line": 72, "column": 51 },
        "end": { "line": 72, "column": 67 }
      },
      "24": {
        "start": { "line": 74, "column": 4 },
        "end": { "line": 77, "column": 5 }
      },
      "25": {
        "start": { "line": 76, "column": 6 },
        "end": { "line": 76, "column": 20 }
      },
      "26": {
        "start": { "line": 79, "column": 4 },
        "end": { "line": 81, "column": 7 }
      },
      "27": {
        "start": { "line": 83, "column": 4 },
        "end": { "line": 83, "column": 52 }
      },
      "28": {
        "start": { "line": 84, "column": 4 },
        "end": { "line": 86, "column": 68 }
      },
      "29": {
        "start": { "line": 95, "column": 32 },
        "end": { "line": 126, "column": 1 }
      },
      "30": {
        "start": { "line": 96, "column": 2 },
        "end": { "line": 125, "column": 3 }
      },
      "31": {
        "start": { "line": 97, "column": 18 },
        "end": { "line": 97, "column": 53 }
      },
      "32": {
        "start": { "line": 98, "column": 4 },
        "end": { "line": 102, "column": 5 }
      },
      "33": {
        "start": { "line": 99, "column": 6 },
        "end": { "line": 101, "column": 61 }
      },
      "34": {
        "start": { "line": 104, "column": 17 },
        "end": { "line": 104, "column": 27 }
      },
      "35": {
        "start": { "line": 105, "column": 4 },
        "end": { "line": 109, "column": 5 }
      },
      "36": {
        "start": { "line": 106, "column": 6 },
        "end": { "line": 108, "column": 67 }
      },
      "37": {
        "start": { "line": 111, "column": 4 },
        "end": { "line": 114, "column": 5 }
      },
      "38": {
        "start": { "line": 113, "column": 6 },
        "end": { "line": 113, "column": 20 }
      },
      "39": {
        "start": { "line": 116, "column": 4 },
        "end": { "line": 119, "column": 7 }
      },
      "40": {
        "start": { "line": 121, "column": 4 },
        "end": { "line": 121, "column": 52 }
      },
      "41": {
        "start": { "line": 122, "column": 4 },
        "end": { "line": 124, "column": 68 }
      }
    },
    "fnMap": {
      "0": {
        "name": "(anonymous_0)",
        "decl": {
          "start": { "line": 9, "column": 30 },
          "end": { "line": 9, "column": 35 }
        },
        "loc": {
          "start": { "line": 9, "column": 56 },
          "end": { "line": 27, "column": 1 }
        },
        "line": 9
      },
      "1": {
        "name": "(anonymous_1)",
        "decl": {
          "start": { "line": 34, "column": 32 },
          "end": { "line": 34, "column": 37 }
        },
        "loc": {
          "start": { "line": 34, "column": 58 },
          "end": { "line": 88, "column": 1 }
        },
        "line": 34
      },
      "2": {
        "name": "(anonymous_2)",
        "decl": {
          "start": { "line": 72, "column": 44 },
          "end": { "line": 72, "column": 45 }
        },
        "loc": {
          "start": { "line": 72, "column": 51 },
          "end": { "line": 72, "column": 67 }
        },
        "line": 72
      },
      "3": {
        "name": "(anonymous_3)",
        "decl": {
          "start": { "line": 95, "column": 32 },
          "end": { "line": 95, "column": 37 }
        },
        "loc": {
          "start": { "line": 95, "column": 58 },
          "end": { "line": 126, "column": 1 }
        },
        "line": 95
      }
    },
    "branchMap": {
      "0": {
        "loc": {
          "start": { "line": 13, "column": 2 },
          "end": { "line": 17, "column": 3 }
        },
        "type": "if",
        "locations": [
          {
            "start": { "line": 13, "column": 2 },
            "end": { "line": 17, "column": 3 }
          },
          { "start": {}, "end": {} }
        ],
        "line": 13
      },
      "1": {
        "loc": {
          "start": { "line": 19, "column": 2 },
          "end": { "line": 22, "column": 3 }
        },
        "type": "if",
        "locations": [
          {
            "start": { "line": 19, "column": 2 },
            "end": { "line": 22, "column": 3 }
          },
          { "start": {}, "end": {} }
        ],
        "line": 19
      },
      "2": {
        "loc": {
          "start": { "line": 19, "column": 6 },
          "end": { "line": 19, "column": 56 }
        },
        "type": "binary-expr",
        "locations": [
          {
            "start": { "line": 19, "column": 6 },
            "end": { "line": 19, "column": 27 }
          },
          {
            "start": { "line": 19, "column": 31 },
            "end": { "line": 19, "column": 56 }
          }
        ],
        "line": 19
      },
      "3": {
        "loc": {
          "start": { "line": 37, "column": 4 },
          "end": { "line": 41, "column": 5 }
        },
        "type": "if",
        "locations": [
          {
            "start": { "line": 37, "column": 4 },
            "end": { "line": 41, "column": 5 }
          },
          { "start": {}, "end": {} }
        ],
        "line": 37
      },
      "4": {
        "loc": {
          "start": { "line": 44, "column": 4 },
          "end": { "line": 46, "column": 5 }
        },
        "type": "if",
        "locations": [
          {
            "start": { "line": 44, "column": 4 },
            "end": { "line": 46, "column": 5 }
          },
          { "start": {}, "end": {} }
        ],
        "line": 44
      },
      "5": {
        "loc": {
          "start": { "line": 49, "column": 4 },
          "end": { "line": 58, "column": 5 }
        },
        "type": "if",
        "locations": [
          {
            "start": { "line": 49, "column": 4 },
            "end": { "line": 58, "column": 5 }
          },
          { "start": {}, "end": {} }
        ],
        "line": 49
      },
      "6": {
        "loc": {
          "start": { "line": 51, "column": 6 },
          "end": { "line": 53, "column": 7 }
        },
        "type": "if",
        "locations": [
          {
            "start": { "line": 51, "column": 6 },
            "end": { "line": 53, "column": 7 }
          },
          { "start": {}, "end": {} }
        ],
        "line": 51
      },
      "7": {
        "loc": {
          "start": { "line": 65, "column": 4 },
          "end": { "line": 69, "column": 5 }
        },
        "type": "if",
        "locations": [
          {
            "start": { "line": 65, "column": 4 },
            "end": { "line": 69, "column": 5 }
          },
          { "start": {}, "end": {} }
        ],
        "line": 65
      },
      "8": {
        "loc": {
          "start": { "line": 74, "column": 4 },
          "end": { "line": 77, "column": 5 }
        },
        "type": "if",
        "locations": [
          {
            "start": { "line": 74, "column": 4 },
            "end": { "line": 77, "column": 5 }
          },
          { "start": {}, "end": {} }
        ],
        "line": 74
      },
      "9": {
        "loc": {
          "start": { "line": 74, "column": 8 },
          "end": { "line": 74, "column": 32 }
        },
        "type": "binary-expr",
        "locations": [
          {
            "start": { "line": 74, "column": 8 },
            "end": { "line": 74, "column": 18 }
          },
          {
            "start": { "line": 74, "column": 22 },
            "end": { "line": 74, "column": 32 }
          }
        ],
        "line": 74
      },
      "10": {
        "loc": {
          "start": { "line": 98, "column": 4 },
          "end": { "line": 102, "column": 5 }
        },
        "type": "if",
        "locations": [
          {
            "start": { "line": 98, "column": 4 },
            "end": { "line": 102, "column": 5 }
          },
          { "start": {}, "end": {} }
        ],
        "line": 98
      },
      "11": {
        "loc": {
          "start": { "line": 105, "column": 4 },
          "end": { "line": 109, "column": 5 }
        },
        "type": "if",
        "locations": [
          {
            "start": { "line": 105, "column": 4 },
            "end": { "line": 109, "column": 5 }
          },
          { "start": {}, "end": {} }
        ],
        "line": 105
      },
      "12": {
        "loc": {
          "start": { "line": 111, "column": 4 },
          "end": { "line": 114, "column": 5 }
        },
        "type": "if",
        "locations": [
          {
            "start": { "line": 111, "column": 4 },
            "end": { "line": 114, "column": 5 }
          },
          { "start": {}, "end": {} }
        ],
        "line": 111
      },
      "13": {
        "loc": {
          "start": { "line": 111, "column": 8 },
          "end": { "line": 111, "column": 61 }
        },
        "type": "binary-expr",
        "locations": [
          {
            "start": { "line": 111, "column": 8 },
            "end": { "line": 111, "column": 29 }
          },
          {
            "start": { "line": 111, "column": 33 },
            "end": { "line": 111, "column": 61 }
          }
        ],
        "line": 111
      }
    },
    "s": {
      "0": 1,
      "1": 4,
      "2": 4,
      "3": 1,
      "4": 3,
      "5": 2,
      "6": 1,
      "7": 1,
      "8": 8,
      "9": 8,
      "10": 8,
      "11": 1,
      "12": 7,
      "13": 1,
      "14": 6,
      "15": 2,
      "16": 1,
      "17": 1,
      "18": 4,
      "19": 4,
      "20": 1,
      "21": 3,
      "22": 3,
      "23": 2,
      "24": 3,
      "25": 2,
      "26": 1,
      "27": 0,
      "28": 0,
      "29": 1,
      "30": 4,
      "31": 4,
      "32": 4,
      "33": 1,
      "34": 3,
      "35": 3,
      "36": 0,
      "37": 3,
      "38": 2,
      "39": 1,
      "40": 0,
      "41": 0
    },
    "f": { "0": 4, "1": 8, "2": 2, "3": 4 },
    "b": {
      "0": [1, 3],
      "1": [2, 1],
      "2": [3, 2],
      "3": [1, 7],
      "4": [1, 6],
      "5": [2, 4],
      "6": [1, 1],
      "7": [1, 3],
      "8": [2, 1],
      "9": [3, 2],
      "10": [1, 3],
      "11": [0, 3],
      "12": [2, 1],
      "13": [3, 2]
    },
    "meta": {
      "lastBranch": 14,
      "lastFunction": 4,
      "lastStatement": 42,
      "seen": {
        "s:9:30:27:1": 0,
        "f:9:30:9:35": 0,
        "s:11:15:11:25": 1,
        "b:13:2:17:3:undefined:undefined:undefined:undefined": 0,
        "s:13:2:17:3": 2,
        "s:14:4:16:65": 3,
        "b:19:2:22:3:undefined:undefined:undefined:undefined": 1,
        "s:19:2:22:3": 4,
        "b:19:6:19:27:19:31:19:56": 2,
        "s:21:4:21:18": 5,
        "s:24:2:26:5": 6,
        "s:34:32:88:1": 7,
        "f:34:32:34:37": 1,
        "s:35:2:87:3": 8,
        "s:36:17:36:27": 9,
        "b:37:4:41:5:undefined:undefined:undefined:undefined": 3,
        "s:37:4:41:5": 10,
        "s:38:6:40:67": 11,
        "b:44:4:46:5:undefined:undefined:undefined:undefined": 4,
        "s:44:4:46:5": 12,
        "s:45:6:45:20": 13,
        "b:49:4:58:5:undefined:undefined:undefined:undefined": 5,
        "s:49:4:58:5": 14,
        "b:51:6:53:7:undefined:undefined:undefined:undefined": 6,
        "s:51:6:53:7": 15,
        "s:52:8:52:22": 16,
        "s:55:6:57:9": 17,
        "s:61:18:63:6": 18,
        "b:65:4:69:5:undefined:undefined:undefined:undefined": 7,
        "s:65:4:69:5": 19,
        "s:66:6:68:61": 20,
        "s:71:23:71:51": 21,
        "s:72:23:72:68": 22,
        "f:72:44:72:45": 2,
        "s:72:51:72:67": 23,
        "b:74:4:77:5:undefined:undefined:undefined:undefined": 8,
        "s:74:4:77:5": 24,
        "b:74:8:74:18:74:22:74:32": 9,
        "s:76:6:76:20": 25,
        "s:79:4:81:7": 26,
        "s:83:4:83:52": 27,
        "s:84:4:86:68": 28,
        "s:95:32:126:1": 29,
        "f:95:32:95:37": 3,
        "s:96:2:125:3": 30,
        "s:97:18:97:53": 31,
        "b:98:4:102:5:undefined:undefined:undefined:undefined": 10,
        "s:98:4:102:5": 32,
        "s:99:6:101:61": 33,
        "s:104:17:104:27": 34,
        "b:105:4:109:5:undefined:undefined:undefined:undefined": 11,
        "s:105:4:109:5": 35,
        "s:106:6:108:67": 36,
        "b:111:4:114:5:undefined:undefined:undefined:undefined": 12,
        "s:111:4:114:5": 37,
        "b:111:8:111:29:111:33:111:61": 13,
        "s:113:6:113:20": 38,
        "s:116:4:119:7": 39,
        "s:121:4:121:52": 40,
        "s:122:4:124:68": 41
      }
    }
  },
  "C:\\Users\\jovya\\Documents\\SCHOOL\\GitHub\\CSB430-DesignImplementation\\RiipenProject\\TaskManagement_GroupA\\backend\\src\\middleware\\syncUser.js": {
    "path": "C:\\Users\\jovya\\Documents\\SCHOOL\\GitHub\\CSB430-DesignImplementation\\RiipenProject\\TaskManagement_GroupA\\backend\\src\\middleware\\syncUser.js",
    "statementMap": {
      "0": {
        "start": { "line": 29, "column": 14 },
        "end": { "line": 29, "column": 28 }
      },
      "1": {
        "start": { "line": 30, "column": 19 },
        "end": { "line": 30, "column": 58 }
      },
      "2": {
        "start": { "line": 31, "column": 20 },
        "end": { "line": 31, "column": 66 }
      },
      "3": {
        "start": { "line": 32, "column": 19 },
        "end": { "line": 32, "column": 79 }
      },
      "4": {
        "start": { "line": 34, "column": 16 },
        "end": { "line": 34, "column": 40 }
      },
      "5": {
        "start": { "line": 35, "column": 16 },
        "end": { "line": 35, "column": 38 }
      },
      "6": {
        "start": { "line": 37, "column": 2 },
        "end": { "line": 37, "column": 52 }
      },
      "7": {
        "start": { "line": 47, "column": 19 },
        "end": { "line": 47, "column": 54 }
      },
      "8": {
        "start": { "line": 48, "column": 2 },
        "end": { "line": 50, "column": 3 }
      },
      "9": {
        "start": { "line": 49, "column": 4 },
        "end": { "line": 49, "column": 36 }
      },
      "10": {
        "start": { "line": 49, "column": 27 },
        "end": { "line": 49, "column": 36 }
      },
      "11": {
        "start": { "line": 51, "column": 2 },
        "end": { "line": 51, "column": 21 }
      },
      "12": {
        "start": { "line": 67, "column": 19 },
        "end": { "line": 67, "column": 48 }
      },
      "13": {
        "start": { "line": 68, "column": 2 },
        "end": { "line": 68, "column": 41 }
      },
      "14": {
        "start": { "line": 89, "column": 2 },
        "end": { "line": 133, "column": 3 }
      },
      "15": {
        "start": { "line": 90, "column": 4 },
        "end": { "line": 90, "column": 38 }
      },
      "16": {
        "start": { "line": 90, "column": 24 },
        "end": { "line": 90, "column": 38 }
      },
      "17": {
        "start": { "line": 92, "column": 21 },
        "end": { "line": 92, "column": 54 }
      },
      "18": {
        "start": { "line": 94, "column": 24 },
        "end": { "line": 94, "column": 37 }
      },
      "19": {
        "start": { "line": 96, "column": 25 },
        "end": { "line": 98, "column": 9 }
      },
      "20": {
        "start": { "line": 100, "column": 21 },
        "end": { "line": 100, "column": 50 }
      },
      "21": {
        "start": { "line": 101, "column": 4 },
        "end": { "line": 108, "column": 5 }
      },
      "22": {
        "start": { "line": 106, "column": 6 },
        "end": { "line": 106, "column": 37 }
      },
      "23": {
        "start": { "line": 107, "column": 6 },
        "end": { "line": 107, "column": 20 }
      },
      "24": {
        "start": { "line": 111, "column": 55 },
        "end": { "line": 113, "column": 5 }
      },
      "25": {
        "start": { "line": 114, "column": 17 },
        "end": { "line": 114, "column": 39 }
      },
      "26": {
        "start": { "line": 115, "column": 21 },
        "end": { "line": 115, "column": 61 }
      },
      "27": {
        "start": { "line": 117, "column": 20 },
        "end": { "line": 125, "column": 5 }
      },
      "28": {
        "start": { "line": 127, "column": 4 },
        "end": { "line": 127, "column": 31 }
      },
      "29": {
        "start": { "line": 128, "column": 4 },
        "end": { "line": 128, "column": 25 }
      },
      "30": {
        "start": { "line": 129, "column": 4 },
        "end": { "line": 129, "column": 18 }
      },
      "31": {
        "start": { "line": 131, "column": 4 },
        "end": { "line": 131, "column": 43 }
      },
      "32": {
        "start": { "line": 132, "column": 4 },
        "end": { "line": 132, "column": 21 }
      }
    },
    "fnMap": {
      "0": {
        "name": "normalizeTokenUser",
        "decl": {
          "start": { "line": 28, "column": 9 },
          "end": { "line": 28, "column": 27 }
        },
        "loc": {
          "start": { "line": 28, "column": 39 },
          "end": { "line": 38, "column": 1 }
        },
        "line": 28
      },
      "1": {
        "name": "pickPrimaryRole",
        "decl": {
          "start": { "line": 46, "column": 9 },
          "end": { "line": 46, "column": 24 }
        },
        "loc": {
          "start": { "line": 46, "column": 37 },
          "end": { "line": 52, "column": 1 }
        },
        "line": 46
      },
      "2": {
        "name": "resolveTimezone",
        "decl": {
          "start": { "line": 66, "column": 9 },
          "end": { "line": 66, "column": 24 }
        },
        "loc": {
          "start": { "line": 66, "column": 42 },
          "end": { "line": 69, "column": 1 }
        },
        "line": 66
      },
      "3": {
        "name": "syncUser",
        "decl": {
          "start": { "line": 88, "column": 22 },
          "end": { "line": 88, "column": 30 }
        },
        "loc": {
          "start": { "line": 88, "column": 47 },
          "end": { "line": 134, "column": 1 }
        },
        "line": 88
      }
    },
    "branchMap": {
      "0": {
        "loc": {
          "start": { "line": 30, "column": 19 },
          "end": { "line": 30, "column": 58 }
        },
        "type": "binary-expr",
        "locations": [
          {
            "start": { "line": 30, "column": 19 },
            "end": { "line": 30, "column": 48 }
          },
          {
            "start": { "line": 30, "column": 52 },
            "end": { "line": 30, "column": 58 }
          }
        ],
        "line": 30
      },
      "1": {
        "loc": {
          "start": { "line": 31, "column": 20 },
          "end": { "line": 31, "column": 66 }
        },
        "type": "binary-expr",
        "locations": [
          {
            "start": { "line": 31, "column": 20 },
            "end": { "line": 31, "column": 54 }
          },
          {
            "start": { "line": 31, "column": 58 },
            "end": { "line": 31, "column": 66 }
          }
        ],
        "line": 31
      },
      "2": {
        "loc": {
          "start": { "line": 32, "column": 19 },
          "end": { "line": 32, "column": 79 }
        },
        "type": "binary-expr",
        "locations": [
          {
            "start": { "line": 32, "column": 19 },
            "end": { "line": 32, "column": 73 }
          },
          {
            "start": { "line": 32, "column": 77 },
            "end": { "line": 32, "column": 79 }
          }
        ],
        "line": 32
      },
      "3": {
        "loc": {
          "start": { "line": 34, "column": 16 },
          "end": { "line": 34, "column": 40 }
        },
        "type": "binary-expr",
        "locations": [
          {
            "start": { "line": 34, "column": 16 },
            "end": { "line": 34, "column": 32 }
          },
          {
            "start": { "line": 34, "column": 36 },
            "end": { "line": 34, "column": 40 }
          }
        ],
        "line": 34
      },
      "4": {
        "loc": {
          "start": { "line": 35, "column": 16 },
          "end": { "line": 35, "column": 38 }
        },
        "type": "binary-expr",
        "locations": [
          {
            "start": { "line": 35, "column": 16 },
            "end": { "line": 35, "column": 32 }
          },
          {
            "start": { "line": 35, "column": 36 },
            "end": { "line": 35, "column": 38 }
          }
        ],
        "line": 35
      },
      "5": {
        "loc": {
          "start": { "line": 46, "column": 25 },
          "end": { "line": 46, "column": 35 }
        },
        "type": "default-arg",
        "locations": [
          {
            "start": { "line": 46, "column": 33 },
            "end": { "line": 46, "column": 35 }
          }
        ],
        "line": 46
      },
      "6": {
        "loc": {
          "start": { "line": 49, "column": 4 },
          "end": { "line": 49, "column": 36 }
        },
        "type": "if",
        "locations": [
          {
            "start": { "line": 49, "column": 4 },
            "end": { "line": 49, "column": 36 }
          },
          { "start": {}, "end": {} }
        ],
        "line": 49
      },
      "7": {
        "loc": {
          "start": { "line": 68, "column": 9 },
          "end": { "line": 68, "column": 40 }
        },
        "type": "binary-expr",
        "locations": [
          {
            "start": { "line": 68, "column": 9 },
            "end": { "line": 68, "column": 17 }
          },
          {
            "start": { "line": 68, "column": 21 },
            "end": { "line": 68, "column": 31 }
          },
          {
            "start": { "line": 68, "column": 35 },
            "end": { "line": 68, "column": 40 }
          }
        ],
        "line": 68
      },
      "8": {
        "loc": {
          "start": { "line": 90, "column": 4 },
          "end": { "line": 90, "column": 38 }
        },
        "type": "if",
        "locations": [
          {
            "start": { "line": 90, "column": 4 },
            "end": { "line": 90, "column": 38 }
          },
          { "start": {}, "end": {} }
        ],
        "line": 90
      },
      "9": {
        "loc": {
          "start": { "line": 96, "column": 25 },
          "end": { "line": 98, "column": 9 }
        },
        "type": "cond-expr",
        "locations": [
          {
            "start": { "line": 97, "column": 8 },
            "end": { "line": 97, "column": 39 }
          },
          {
            "start": { "line": 98, "column": 8 },
            "end": { "line": 98, "column": 9 }
          }
        ],
        "line": 96
      },
      "10": {
        "loc": {
          "start": { "line": 101, "column": 4 },
          "end": { "line": 108, "column": 5 }
        },
        "type": "if",
        "locations": [
          {
            "start": { "line": 101, "column": 4 },
            "end": { "line": 108, "column": 5 }
          },
          { "start": {}, "end": {} }
        ],
        "line": 101
      },
      "11": {
        "loc": {
          "start": { "line": 102, "column": 6 },
          "end": { "line": 104, "column": 51 }
        },
        "type": "binary-expr",
        "locations": [
          {
            "start": { "line": 102, "column": 6 },
            "end": { "line": 102, "column": 14 }
          },
          {
            "start": { "line": 103, "column": 6 },
            "end": { "line": 103, "column": 45 }
          },
          {
            "start": { "line": 104, "column": 7 },
            "end": { "line": 104, "column": 16 }
          },
          {
            "start": { "line": 104, "column": 20 },
            "end": { "line": 104, "column": 50 }
          }
        ],
        "line": 102
      }
    },
    "s": {
      "0": 2,
      "1": 2,
      "2": 2,
      "3": 2,
      "4": 2,
      "5": 2,
      "6": 2,
      "7": 2,
      "8": 2,
      "9": 3,
      "10": 2,
      "11": 0,
      "12": 2,
      "13": 2,
      "14": 5,
      "15": 5,
      "16": 1,
      "17": 4,
      "18": 3,
      "19": 3,
      "20": 5,
      "21": 5,
      "22": 1,
      "23": 1,
      "24": 2,
      "25": 2,
      "26": 2,
      "27": 5,
      "28": 5,
      "29": 2,
      "30": 2,
      "31": 1,
      "32": 1
    },
    "f": { "0": 2, "1": 2, "2": 2, "3": 5 },
    "b": {
      "0": [2, 0],
      "1": [2, 0],
      "2": [2, 0],
      "3": [2, 0],
      "4": [2, 0],
      "5": [2],
      "6": [2, 1],
      "7": [2, 0, 0],
      "8": [1, 4],
      "9": [2, 1],
      "10": [1, 4],
      "11": [5, 2, 2, 1]
    },
    "meta": {
      "lastBranch": 12,
      "lastFunction": 4,
      "lastStatement": 33,
      "seen": {
        "f:28:9:28:27": 0,
        "s:29:14:29:28": 0,
        "s:30:19:30:58": 1,
        "b:30:19:30:48:30:52:30:58": 0,
        "s:31:20:31:66": 2,
        "b:31:20:31:54:31:58:31:66": 1,
        "s:32:19:32:79": 3,
        "b:32:19:32:73:32:77:32:79": 2,
        "s:34:16:34:40": 4,
        "b:34:16:34:32:34:36:34:40": 3,
        "s:35:16:35:38": 5,
        "b:35:16:35:32:35:36:35:38": 4,
        "s:37:2:37:52": 6,
        "f:46:9:46:24": 1,
        "b:46:33:46:35": 5,
        "s:47:19:47:54": 7,
        "s:48:2:50:3": 8,
        "b:49:4:49:36:undefined:undefined:undefined:undefined": 6,
        "s:49:4:49:36": 9,
        "s:49:27:49:36": 10,
        "s:51:2:51:21": 11,
        "f:66:9:66:24": 2,
        "s:67:19:67:48": 12,
        "s:68:2:68:41": 13,
        "b:68:9:68:17:68:21:68:31:68:35:68:40": 7,
        "f:88:22:88:30": 3,
        "s:89:2:133:3": 14,
        "b:90:4:90:38:undefined:undefined:undefined:undefined": 8,
        "s:90:4:90:38": 15,
        "s:90:24:90:38": 16,
        "s:92:21:92:54": 17,
        "s:94:24:94:37": 18,
        "s:96:25:98:9": 19,
        "b:97:8:97:39:98:8:98:9": 9,
        "s:100:21:100:50": 20,
        "b:101:4:108:5:undefined:undefined:undefined:undefined": 10,
        "s:101:4:108:5": 21,
        "b:102:6:102:14:103:6:103:45:104:7:104:16:104:20:104:50": 11,
        "s:106:6:106:37": 22,
        "s:107:6:107:20": 23,
        "s:111:55:113:5": 24,
        "s:114:17:114:39": 25,
        "s:115:21:115:61": 26,
        "s:117:20:125:5": 27,
        "s:127:4:127:31": 28,
        "s:128:4:128:25": 29,
        "s:129:4:129:18": 30,
        "s:131:4:131:43": 31,
        "s:132:4:132:21": 32
      }
    }
  },
  "C:\\Users\\jovya\\Documents\\SCHOOL\\GitHub\\CSB430-DesignImplementation\\RiipenProject\\TaskManagement_GroupA\\frontend\\src\\App.css": {
    "path": "C:\\Users\\jovya\\Documents\\SCHOOL\\GitHub\\CSB430-DesignImplementation\\RiipenProject\\TaskManagement_GroupA\\frontend\\src\\App.css",
    "statementMap": {},
    "fnMap": {},
    "branchMap": {},
    "s": {},
    "f": {},
    "b": {},
    "meta": {
      "lastBranch": 0,
      "lastFunction": 0,
      "lastStatement": 0,
      "seen": {}
    }
  },
  "C:\\Users\\jovya\\Documents\\SCHOOL\\GitHub\\CSB430-DesignImplementation\\RiipenProject\\TaskManagement_GroupA\\frontend\\src\\App.jsx": {
    "path": "C:\\Users\\jovya\\Documents\\SCHOOL\\GitHub\\CSB430-DesignImplementation\\RiipenProject\\TaskManagement_GroupA\\frontend\\src\\App.jsx",
    "statementMap": {
      "0": {
        "start": { "line": 11, "column": 65 },
        "end": { "line": 11, "column": null }
      },
      "1": {
        "start": { "line": 14, "column": 2 },
        "end": { "line": 20, "column": null }
      },
      "2": {
        "start": { "line": 15, "column": 4 },
        "end": { "line": 18, "column": null }
      },
      "3": {
        "start": { "line": 22, "column": 27 },
        "end": { "line": 58, "column": null }
      },
      "4": {
        "start": { "line": 23, "column": 4 },
        "end": { "line": 30, "column": null }
      },
      "5": {
        "start": { "line": 24, "column": 6 },
        "end": { "line": 28, "column": null }
      },
      "6": {
        "start": { "line": 32, "column": 4 },
        "end": { "line": 34, "column": null }
      },
      "7": {
        "start": { "line": 33, "column": 6 },
        "end": { "line": 33, "column": null }
      },
      "8": {
        "start": { "line": 35, "column": 4 },
        "end": { "line": 37, "column": null }
      },
      "9": {
        "start": { "line": 36, "column": 6 },
        "end": { "line": 36, "column": null }
      },
      "10": {
        "start": { "line": 38, "column": 4 },
        "end": { "line": 40, "column": null }
      },
      "11": {
        "start": { "line": 39, "column": 6 },
        "end": { "line": 39, "column": null }
      },
      "12": {
        "start": { "line": 43, "column": 4 },
        "end": { "line": 56, "column": null }
      },
      "13": {
        "start": { "line": 60, "column": 2 },
        "end": { "line": 92, "column": null }
      }
    },
    "fnMap": {
      "0": {
        "name": "App",
        "decl": {
          "start": { "line": 10, "column": 9 },
          "end": { "line": 10, "column": 15 }
        },
        "loc": {
          "start": { "line": 10, "column": 15 },
          "end": { "line": 94, "column": null }
        },
        "line": 10
      },
      "1": {
        "name": "(anonymous_1)",
        "decl": {
          "start": { "line": 22, "column": 27 },
          "end": { "line": 22, "column": 33 }
        },
        "loc": {
          "start": { "line": 22, "column": 33 },
          "end": { "line": 58, "column": null }
        },
        "line": 22
      }
    },
    "branchMap": {
      "0": {
        "loc": {
          "start": { "line": 14, "column": 2 },
          "end": { "line": 20, "column": null }
        },
        "type": "if",
        "locations": [
          {
            "start": { "line": 14, "column": 2 },
            "end": { "line": 20, "column": null }
          },
          { "start": {}, "end": {} }
        ],
        "line": 14
      },
      "1": {
        "loc": {
          "start": { "line": 23, "column": 4 },
          "end": { "line": 30, "column": null }
        },
        "type": "if",
        "locations": [
          {
            "start": { "line": 23, "column": 4 },
            "end": { "line": 30, "column": null }
          },
          { "start": {}, "end": {} }
        ],
        "line": 23
      },
      "2": {
        "loc": {
          "start": { "line": 23, "column": 8 },
          "end": { "line": 23, "column": 38 }
        },
        "type": "binary-expr",
        "locations": [
          {
            "start": { "line": 23, "column": 8 },
            "end": { "line": 23, "column": 18 }
          },
          {
            "start": { "line": 23, "column": 18 },
            "end": { "line": 23, "column": 38 }
          }
        ],
        "line": 23
      },
      "3": {
        "loc": {
          "start": { "line": 32, "column": 4 },
          "end": { "line": 34, "column": null }
        },
        "type": "if",
        "locations": [
          {
            "start": { "line": 32, "column": 4 },
            "end": { "line": 34, "column": null }
          },
          { "start": {}, "end": {} }
        ],
        "line": 32
      },
      "4": {
        "loc": {
          "start": { "line": 35, "column": 4 },
          "end": { "line": 37, "column": null }
        },
        "type": "if",
        "locations": [
          {
            "start": { "line": 35, "column": 4 },
            "end": { "line": 37, "column": null }
          },
          { "start": {}, "end": {} }
        ],
        "line": 35
      },
      "5": {
        "loc": {
          "start": { "line": 38, "column": 4 },
          "end": { "line": 40, "column": null }
        },
        "type": "if",
        "locations": [
          {
            "start": { "line": 38, "column": 4 },
            "end": { "line": 40, "column": null }
          },
          { "start": {}, "end": {} }
        ],
        "line": 38
      },
      "6": {
        "loc": {
          "start": { "line": 62, "column": 7 },
          "end": { "line": 88, "column": null }
        },
        "type": "cond-expr",
        "locations": [
          {
            "start": { "line": 63, "column": 8 },
            "end": { "line": 79, "column": null }
          },
          {
            "start": { "line": 81, "column": 8 },
            "end": { "line": 88, "column": null }
          }
        ],
        "line": 62
      },
      "7": {
        "loc": {
          "start": { "line": 65, "column": 30 },
          "end": { "line": 65, "column": 51 }
        },
        "type": "binary-expr",
        "locations": [
          {
            "start": { "line": 65, "column": 30 },
            "end": { "line": 65, "column": 44 }
          },
          {
            "start": { "line": 65, "column": 44 },
            "end": { "line": 65, "column": 51 }
          }
        ],
        "line": 65
      },
      "8": {
        "loc": {
          "start": { "line": 68, "column": 20 },
          "end": { "line": 68, "column": null }
        },
        "type": "cond-expr",
        "locations": [
          {
            "start": { "line": 68, "column": 39 },
            "end": { "line": 68, "column": 58 }
          },
          {
            "start": { "line": 68, "column": 58 },
            "end": { "line": 68, "column": null }
          }
        ],
        "line": 68
      },
      "9": {
        "loc": {
          "start": { "line": 91, "column": 7 },
          "end": { "line": 91, "column": null }
        },
        "type": "binary-expr",
        "locations": [
          {
            "start": { "line": 91, "column": 7 },
            "end": { "line": 91, "column": 26 }
          },
          {
            "start": { "line": 91, "column": 26 },
            "end": { "line": 91, "column": null }
          }
        ],
        "line": 91
      }
    },
    "s": {
      "0": 6,
      "1": 6,
      "2": 1,
      "3": 5,
      "4": 4,
      "5": 1,
      "6": 3,
      "7": 1,
      "8": 2,
      "9": 1,
      "10": 1,
      "11": 1,
      "12": 0,
      "13": 5
    },
    "f": { "0": 6, "1": 4 },
    "b": {
      "0": [1, 5],
      "1": [1, 3],
      "2": [4, 4],
      "3": [1, 2],
      "4": [1, 1],
      "5": [1, 0],
      "6": [4, 1],
      "7": [4, 0],
      "8": [3, 1],
      "9": [6, 4]
    },
    "meta": {
      "lastBranch": 10,
      "lastFunction": 2,
      "lastStatement": 14,
      "seen": {
        "f:10:9:10:15": 0,
        "s:11:65:11:Infinity": 0,
        "b:14:2:20:Infinity:undefined:undefined:undefined:undefined": 0,
        "s:14:2:20:Infinity": 1,
        "s:15:4:18:Infinity": 2,
        "s:22:27:58:Infinity": 3,
        "f:22:27:22:33": 1,
        "b:23:4:30:Infinity:undefined:undefined:undefined:undefined": 1,
        "s:23:4:30:Infinity": 4,
        "b:23:8:23:18:23:18:23:38": 2,
        "s:24:6:28:Infinity": 5,
        "b:32:4:34:Infinity:undefined:undefined:undefined:undefined": 3,
        "s:32:4:34:Infinity": 6,
        "s:33:6:33:Infinity": 7,
        "b:35:4:37:Infinity:undefined:undefined:undefined:undefined": 4,
        "s:35:4:37:Infinity": 8,
        "s:36:6:36:Infinity": 9,
        "b:38:4:40:Infinity:undefined:undefined:undefined:undefined": 5,
        "s:38:4:40:Infinity": 10,
        "s:39:6:39:Infinity": 11,
        "s:43:4:56:Infinity": 12,
        "s:60:2:92:Infinity": 13,
        "b:63:8:79:Infinity:81:8:88:Infinity": 6,
        "b:65:30:65:44:65:44:65:51": 7,
        "b:68:39:68:58:68:58:68:Infinity": 8,
        "b:91:7:91:26:91:26:91:Infinity": 9
      }
    }
  },
  "C:\\Users\\jovya\\Documents\\SCHOOL\\GitHub\\CSB430-DesignImplementation\\RiipenProject\\TaskManagement_GroupA\\frontend\\src\\auth\\AuthContext.jsx": {
    "path": "C:\\Users\\jovya\\Documents\\SCHOOL\\GitHub\\CSB430-DesignImplementation\\RiipenProject\\TaskManagement_GroupA\\frontend\\src\\auth\\AuthContext.jsx",
    "statementMap": {
      "0": {
        "start": { "line": 3, "column": 13 },
        "end": { "line": 3, "column": null }
      }
    },
    "fnMap": {},
    "branchMap": {},
    "s": { "0": 1 },
    "f": {},
    "b": {},
    "meta": {
      "lastBranch": 0,
      "lastFunction": 0,
      "lastStatement": 1,
      "seen": { "s:3:13:3:Infinity": 0 }
    }
  },
  "C:\\Users\\jovya\\Documents\\SCHOOL\\GitHub\\CSB430-DesignImplementation\\RiipenProject\\TaskManagement_GroupA\\frontend\\src\\auth\\authHelpers.js": {
    "path": "C:\\Users\\jovya\\Documents\\SCHOOL\\GitHub\\CSB430-DesignImplementation\\RiipenProject\\TaskManagement_GroupA\\frontend\\src\\auth\\authHelpers.js",
    "statementMap": {
      "0": {
        "start": { "line": 10, "column": 24 },
        "end": { "line": 11, "column": 46 }
      },
      "1": {
        "start": { "line": 11, "column": 2 },
        "end": { "line": 11, "column": 46 }
      },
      "2": {
        "start": { "line": 20, "column": 23 },
        "end": { "line": 20, "column": 68 }
      },
      "3": {
        "start": { "line": 20, "column": 39 },
        "end": { "line": 20, "column": 68 }
      },
      "4": {
        "start": { "line": 29, "column": 26 },
        "end": { "line": 30, "column": 61 }
      },
      "5": {
        "start": { "line": 30, "column": 2 },
        "end": { "line": 30, "column": 61 }
      },
      "6": {
        "start": { "line": 30, "column": 44 },
        "end": { "line": 30, "column": 60 }
      },
      "7": {
        "start": { "line": 39, "column": 27 },
        "end": { "line": 40, "column": 62 }
      },
      "8": {
        "start": { "line": 40, "column": 2 },
        "end": { "line": 40, "column": 62 }
      },
      "9": {
        "start": { "line": 40, "column": 45 },
        "end": { "line": 40, "column": 61 }
      }
    },
    "fnMap": {
      "0": {
        "name": "(anonymous_0)",
        "decl": {
          "start": { "line": 10, "column": 24 },
          "end": { "line": 10, "column": 25 }
        },
        "loc": {
          "start": { "line": 11, "column": 2 },
          "end": { "line": 11, "column": 46 }
        },
        "line": 11
      },
      "1": {
        "name": "(anonymous_1)",
        "decl": {
          "start": { "line": 20, "column": 23 },
          "end": { "line": 20, "column": 24 }
        },
        "loc": {
          "start": { "line": 20, "column": 39 },
          "end": { "line": 20, "column": 68 }
        },
        "line": 20
      },
      "2": {
        "name": "(anonymous_2)",
        "decl": {
          "start": { "line": 29, "column": 26 },
          "end": { "line": 29, "column": 27 }
        },
        "loc": {
          "start": { "line": 30, "column": 2 },
          "end": { "line": 30, "column": 61 }
        },
        "line": 30
      },
      "3": {
        "name": "(anonymous_3)",
        "decl": {
          "start": { "line": 30, "column": 37 },
          "end": { "line": 30, "column": 38 }
        },
        "loc": {
          "start": { "line": 30, "column": 44 },
          "end": { "line": 30, "column": 60 }
        },
        "line": 30
      },
      "4": {
        "name": "(anonymous_4)",
        "decl": {
          "start": { "line": 39, "column": 27 },
          "end": { "line": 39, "column": 28 }
        },
        "loc": {
          "start": { "line": 40, "column": 2 },
          "end": { "line": 40, "column": 62 }
        },
        "line": 40
      },
      "5": {
        "name": "(anonymous_5)",
        "decl": {
          "start": { "line": 40, "column": 38 },
          "end": { "line": 40, "column": 39 }
        },
        "loc": {
          "start": { "line": 40, "column": 45 },
          "end": { "line": 40, "column": 61 }
        },
        "line": 40
      }
    },
    "branchMap": {
      "0": {
        "loc": {
          "start": { "line": 11, "column": 2 },
          "end": { "line": 11, "column": 46 }
        },
        "type": "cond-expr",
        "locations": [
          {
            "start": { "line": 11, "column": 31 },
            "end": { "line": 11, "column": 41 }
          },
          {
            "start": { "line": 11, "column": 44 },
            "end": { "line": 11, "column": 46 }
          }
        ],
        "line": 11
      },
      "1": {
        "loc": {
          "start": { "line": 30, "column": 2 },
          "end": { "line": 30, "column": 61 }
        },
        "type": "binary-expr",
        "locations": [
          {
            "start": { "line": 30, "column": 2 },
            "end": { "line": 30, "column": 22 }
          },
          {
            "start": { "line": 30, "column": 26 },
            "end": { "line": 30, "column": 61 }
          }
        ],
        "line": 30
      },
      "2": {
        "loc": {
          "start": { "line": 40, "column": 2 },
          "end": { "line": 40, "column": 62 }
        },
        "type": "binary-expr",
        "locations": [
          {
            "start": { "line": 40, "column": 2 },
            "end": { "line": 40, "column": 22 }
          },
          {
            "start": { "line": 40, "column": 26 },
            "end": { "line": 40, "column": 62 }
          }
        ],
        "line": 40
      }
    },
    "s": {
      "0": 1,
      "1": 36,
      "2": 1,
      "3": 30,
      "4": 1,
      "5": 7,
      "6": 9,
      "7": 1,
      "8": 8,
      "9": 11
    },
    "f": { "0": 36, "1": 30, "2": 7, "3": 9, "4": 8, "5": 11 },
    "b": { "0": [32, 4], "1": [7, 7], "2": [8, 8] },
    "meta": {
      "lastBranch": 3,
      "lastFunction": 6,
      "lastStatement": 10,
      "seen": {
        "s:10:24:11:46": 0,
        "f:10:24:10:25": 0,
        "s:11:2:11:46": 1,
        "b:11:31:11:41:11:44:11:46": 0,
        "s:20:23:20:68": 2,
        "f:20:23:20:24": 1,
        "s:20:39:20:68": 3,
        "s:29:26:30:61": 4,
        "f:29:26:29:27": 2,
        "s:30:2:30:61": 5,
        "b:30:2:30:22:30:26:30:61": 1,
        "f:30:37:30:38": 3,
        "s:30:44:30:60": 6,
        "s:39:27:40:62": 7,
        "f:39:27:39:28": 4,
        "s:40:2:40:62": 8,
        "b:40:2:40:22:40:26:40:62": 2,
        "f:40:38:40:39": 5,
        "s:40:45:40:61": 9
      }
    }
  },
  "C:\\Users\\jovya\\Documents\\SCHOOL\\GitHub\\CSB430-DesignImplementation\\RiipenProject\\TaskManagement_GroupA\\frontend\\src\\utils\\dateTime.js": {
    "path": "C:\\Users\\jovya\\Documents\\SCHOOL\\GitHub\\CSB430-DesignImplementation\\RiipenProject\\TaskManagement_GroupA\\frontend\\src\\utils\\dateTime.js",
    "statementMap": {
      "0": {
        "start": { "line": 5, "column": 0 },
        "end": { "line": 5, "column": 18 }
      },
      "1": {
        "start": { "line": 6, "column": 0 },
        "end": { "line": 6, "column": 27 }
      },
      "2": {
        "start": { "line": 9, "column": 2 },
        "end": { "line": 9, "column": 28 }
      },
      "3": {
        "start": { "line": 9, "column": 12 },
        "end": { "line": 9, "column": 28 }
      },
      "4": {
        "start": { "line": 10, "column": 12 },
        "end": { "line": 10, "column": 26 }
      },
      "5": {
        "start": { "line": 11, "column": 2 },
        "end": { "line": 11, "column": 59 }
      },
      "6": {
        "start": { "line": 33, "column": 2 },
        "end": { "line": 33, "column": 43 }
      },
      "7": {
        "start": { "line": 52, "column": 2 },
        "end": { "line": 52, "column": 43 }
      },
      "8": {
        "start": { "line": 74, "column": 2 },
        "end": { "line": 74, "column": 31 }
      },
      "9": {
        "start": { "line": 74, "column": 19 },
        "end": { "line": 74, "column": 31 }
      },
      "10": {
        "start": { "line": 75, "column": 11 },
        "end": { "line": 75, "column": 29 }
      },
      "11": {
        "start": { "line": 76, "column": 2 },
        "end": { "line": 76, "column": 32 }
      },
      "12": {
        "start": { "line": 76, "column": 20 },
        "end": { "line": 76, "column": 32 }
      },
      "13": {
        "start": { "line": 77, "column": 2 },
        "end": { "line": 77, "column": 44 }
      },
      "14": {
        "start": { "line": 101, "column": 2 },
        "end": { "line": 101, "column": 22 }
      },
      "15": {
        "start": { "line": 101, "column": 12 },
        "end": { "line": 101, "column": 22 }
      },
      "16": {
        "start": { "line": 102, "column": 12 },
        "end": { "line": 102, "column": 26 }
      },
      "17": {
        "start": { "line": 103, "column": 2 },
        "end": { "line": 103, "column": 30 }
      },
      "18": {
        "start": { "line": 103, "column": 20 },
        "end": { "line": 103, "column": 30 }
      },
      "19": {
        "start": { "line": 106, "column": 2 },
        "end": { "line": 106, "column": 42 }
      },
      "20": {
        "start": { "line": 106, "column": 12 },
        "end": { "line": 106, "column": 42 }
      },
      "21": {
        "start": { "line": 108, "column": 14 },
        "end": { "line": 108, "column": 28 }
      },
      "22": {
        "start": { "line": 109, "column": 2 },
        "end": { "line": 109, "column": 52 }
      },
      "23": {
        "start": { "line": 109, "column": 22 },
        "end": { "line": 109, "column": 52 }
      },
      "24": {
        "start": { "line": 112, "column": 2 },
        "end": { "line": 112, "column": 34 }
      }
    },
    "fnMap": {
      "0": {
        "name": "formatBase",
        "decl": {
          "start": { "line": 8, "column": 9 },
          "end": { "line": 8, "column": 19 }
        },
        "loc": {
          "start": { "line": 8, "column": 43 },
          "end": { "line": 12, "column": 1 }
        },
        "line": 8
      },
      "1": {
        "name": "formatDateTime",
        "decl": {
          "start": { "line": 29, "column": 16 },
          "end": { "line": 29, "column": 30 }
        },
        "loc": {
          "start": { "line": 32, "column": 2 },
          "end": { "line": 34, "column": 1 }
        },
        "line": 32
      },
      "2": {
        "name": "formatDueDate",
        "decl": {
          "start": { "line": 48, "column": 16 },
          "end": { "line": 48, "column": 29 }
        },
        "loc": {
          "start": { "line": 51, "column": 2 },
          "end": { "line": 53, "column": 1 }
        },
        "line": 51
      },
      "3": {
        "name": "datePickerValueToDueAtUtcIso",
        "decl": {
          "start": { "line": 73, "column": 16 },
          "end": { "line": 73, "column": 44 }
        },
        "loc": {
          "start": { "line": 73, "column": 57 },
          "end": { "line": 78, "column": 1 }
        },
        "line": 73
      },
      "4": {
        "name": "getRelativeDueTime",
        "decl": {
          "start": { "line": 100, "column": 16 },
          "end": { "line": 100, "column": 34 }
        },
        "loc": {
          "start": { "line": 100, "column": 73 },
          "end": { "line": 113, "column": 1 }
        },
        "line": 100
      }
    },
    "branchMap": {
      "0": {
        "loc": {
          "start": { "line": 9, "column": 2 },
          "end": { "line": 9, "column": 28 }
        },
        "type": "if",
        "locations": [
          {
            "start": { "line": 9, "column": 2 },
            "end": { "line": 9, "column": 28 }
          },
          { "start": {}, "end": {} }
        ],
        "line": 9
      },
      "1": {
        "loc": {
          "start": { "line": 11, "column": 9 },
          "end": { "line": 11, "column": 58 }
        },
        "type": "cond-expr",
        "locations": [
          {
            "start": { "line": 11, "column": 23 },
            "end": { "line": 11, "column": 47 }
          },
          {
            "start": { "line": 11, "column": 50 },
            "end": { "line": 11, "column": 58 }
          }
        ],
        "line": 11
      },
      "2": {
        "loc": {
          "start": { "line": 31, "column": 2 },
          "end": { "line": 31, "column": 56 }
        },
        "type": "default-arg",
        "locations": [
          {
            "start": { "line": 31, "column": 54 },
            "end": { "line": 31, "column": 56 }
          }
        ],
        "line": 31
      },
      "3": {
        "loc": {
          "start": { "line": 31, "column": 4 },
          "end": { "line": 31, "column": 18 }
        },
        "type": "default-arg",
        "locations": [
          {
            "start": { "line": 31, "column": 15 },
            "end": { "line": 31, "column": 18 }
          }
        ],
        "line": 31
      },
      "4": {
        "loc": {
          "start": { "line": 31, "column": 20 },
          "end": { "line": 31, "column": 49 }
        },
        "type": "default-arg",
        "locations": [
          {
            "start": { "line": 31, "column": 29 },
            "end": { "line": 31, "column": 49 }
          }
        ],
        "line": 31
      },
      "5": {
        "loc": {
          "start": { "line": 50, "column": 2 },
          "end": { "line": 50, "column": 49 }
        },
        "type": "default-arg",
        "locations": [
          {
            "start": { "line": 50, "column": 47 },
            "end": { "line": 50, "column": 49 }
          }
        ],
        "line": 50
      },
      "6": {
        "loc": {
          "start": { "line": 50, "column": 4 },
          "end": { "line": 50, "column": 18 }
        },
        "type": "default-arg",
        "locations": [
          {
            "start": { "line": 50, "column": 15 },
            "end": { "line": 50, "column": 18 }
          }
        ],
        "line": 50
      },
      "7": {
        "loc": {
          "start": { "line": 50, "column": 20 },
          "end": { "line": 50, "column": 42 }
        },
        "type": "default-arg",
        "locations": [
          {
            "start": { "line": 50, "column": 29 },
            "end": { "line": 50, "column": 42 }
          }
        ],
        "line": 50
      },
      "8": {
        "loc": {
          "start": { "line": 74, "column": 2 },
          "end": { "line": 74, "column": 31 }
        },
        "type": "if",
        "locations": [
          {
            "start": { "line": 74, "column": 2 },
            "end": { "line": 74, "column": 31 }
          },
          { "start": {}, "end": {} }
        ],
        "line": 74
      },
      "9": {
        "loc": {
          "start": { "line": 76, "column": 2 },
          "end": { "line": 76, "column": 32 }
        },
        "type": "if",
        "locations": [
          {
            "start": { "line": 76, "column": 2 },
            "end": { "line": 76, "column": 32 }
          },
          { "start": {}, "end": {} }
        ],
        "line": 76
      },
      "10": {
        "loc": {
          "start": { "line": 100, "column": 40 },
          "end": { "line": 100, "column": 71 }
        },
        "type": "default-arg",
        "locations": [
          {
            "start": { "line": 100, "column": 69 },
            "end": { "line": 100, "column": 71 }
          }
        ],
        "line": 100
      },
      "11": {
        "loc": {
          "start": { "line": 100, "column": 47 },
          "end": { "line": 100, "column": 64 }
        },
        "type": "default-arg",
        "locations": [
          {
            "start": { "line": 100, "column": 60 },
            "end": { "line": 100, "column": 64 }
          }
        ],
        "line": 100
      },
      "12": {
        "loc": {
          "start": { "line": 101, "column": 2 },
          "end": { "line": 101, "column": 22 }
        },
        "type": "if",
        "locations": [
          {
            "start": { "line": 101, "column": 2 },
            "end": { "line": 101, "column": 22 }
          },
          { "start": {}, "end": {} }
        ],
        "line": 101
      },
      "13": {
        "loc": {
          "start": { "line": 103, "column": 2 },
          "end": { "line": 103, "column": 30 }
        },
        "type": "if",
        "locations": [
          {
            "start": { "line": 103, "column": 2 },
            "end": { "line": 103, "column": 30 }
          },
          { "start": {}, "end": {} }
        ],
        "line": 103
      },
      "14": {
        "loc": {
          "start": { "line": 106, "column": 2 },
          "end": { "line": 106, "column": 42 }
        },
        "type": "if",
        "locations": [
          {
            "start": { "line": 106, "column": 2 },
            "end": { "line": 106, "column": 42 }
          },
          { "start": {}, "end": {} }
        ],
        "line": 106
      },
      "15": {
        "loc": {
          "start": { "line": 109, "column": 2 },
          "end": { "line": 109, "column": 52 }
        },
        "type": "if",
        "locations": [
          {
            "start": { "line": 109, "column": 2 },
            "end": { "line": 109, "column": 52 }
          },
          { "start": {}, "end": {} }
        ],
        "line": 109
      }
    },
    "s": {
      "0": 1,
      "1": 1,
      "2": 3,
      "3": 2,
      "4": 1,
      "5": 1,
      "6": 2,
      "7": 1,
      "8": 1,
      "9": 1,
      "10": 0,
      "11": 0,
      "12": 0,
      "13": 0,
      "14": 4,
      "15": 1,
      "16": 3,
      "17": 3,
      "18": 1,
      "19": 2,
      "20": 0,
      "21": 2,
      "22": 2,
      "23": 0,
      "24": 2
    },
    "f": { "0": 3, "1": 2, "2": 1, "3": 1, "4": 4 },
    "b": {
      "0": [2, 1],
      "1": [0, 1],
      "2": [2],
      "3": [2],
      "4": [2],
      "5": [1],
      "6": [1],
      "7": [1],
      "8": [1, 0],
      "9": [0, 0],
      "10": [4],
      "11": [4],
      "12": [1, 3],
      "13": [1, 2],
      "14": [0, 2],
      "15": [0, 2]
    },
    "meta": {
      "lastBranch": 16,
      "lastFunction": 5,
      "lastStatement": 25,
      "seen": {
        "s:5:0:5:18": 0,
        "s:6:0:6:27": 1,
        "f:8:9:8:19": 0,
        "b:9:2:9:28:undefined:undefined:undefined:undefined": 0,
        "s:9:2:9:28": 2,
        "s:9:12:9:28": 3,
        "s:10:12:10:26": 4,
        "s:11:2:11:59": 5,
        "b:11:23:11:47:11:50:11:58": 1,
        "f:29:16:29:30": 1,
        "b:31:54:31:56": 2,
        "b:31:15:31:18": 3,
        "b:31:29:31:49": 4,
        "s:33:2:33:43": 6,
        "f:48:16:48:29": 2,
        "b:50:47:50:49": 5,
        "b:50:15:50:18": 6,
        "b:50:29:50:42": 7,
        "s:52:2:52:43": 7,
        "f:73:16:73:44": 3,
        "b:74:2:74:31:undefined:undefined:undefined:undefined": 8,
        "s:74:2:74:31": 8,
        "s:74:19:74:31": 9,
        "s:75:11:75:29": 10,
        "b:76:2:76:32:undefined:undefined:undefined:undefined": 9,
        "s:76:2:76:32": 11,
        "s:76:20:76:32": 12,
        "s:77:2:77:44": 13,
        "f:100:16:100:34": 4,
        "b:100:69:100:71": 10,
        "b:100:60:100:64": 11,
        "b:101:2:101:22:undefined:undefined:undefined:undefined": 12,
        "s:101:2:101:22": 14,
        "s:101:12:101:22": 15,
        "s:102:12:102:26": 16,
        "b:103:2:103:30:undefined:undefined:undefined:undefined": 13,
        "s:103:2:103:30": 17,
        "s:103:20:103:30": 18,
        "b:106:2:106:42:undefined:undefined:undefined:undefined": 14,
        "s:106:2:106:42": 19,
        "s:106:12:106:42": 20,
        "s:108:14:108:28": 21,
        "b:109:2:109:52:undefined:undefined:undefined:undefined": 15,
        "s:109:2:109:52": 22,
        "s:109:22:109:52": 23,
        "s:112:2:112:34": 24
      }
    }
  }
}
